{"C:\\Users\\Betsabe\\Desktop\\ProyectoGestion\\Gestion-Seguros\\backend\\middlewares\\authMiddleware.js": {"path":"C:\\Users\\Betsabe\\Desktop\\ProyectoGestion\\Gestion-Seguros\\backend\\middlewares\\authMiddleware.js","statementMap":{"0":{"start":{"line":1,"column":12},"end":{"line":1,"column":35}},"1":{"start":{"line":2,"column":0},"end":{"line":2,"column":27}},"2":{"start":{"line":4,"column":15},"end":{"line":4,"column":37}},"3":{"start":{"line":7,"column":21},"end":{"line":7,"column":46}},"4":{"start":{"line":9,"column":2},"end":{"line":11,"column":3}},"5":{"start":{"line":10,"column":4},"end":{"line":10,"column":75}},"6":{"start":{"line":13,"column":16},"end":{"line":13,"column":40}},"7":{"start":{"line":15,"column":2},"end":{"line":21,"column":3}},"8":{"start":{"line":16,"column":20},"end":{"line":16,"column":45}},"9":{"start":{"line":17,"column":4},"end":{"line":17,"column":23}},"10":{"start":{"line":18,"column":4},"end":{"line":18,"column":11}},"11":{"start":{"line":20,"column":4},"end":{"line":20,"column":78}},"12":{"start":{"line":24,"column":0},"end":{"line":24,"column":32}}},"fnMap":{"0":{"name":"authMiddleware","decl":{"start":{"line":6,"column":9},"end":{"line":6,"column":23}},"loc":{"start":{"line":6,"column":40},"end":{"line":22,"column":1}},"line":6}},"branchMap":{"0":{"loc":{"start":{"line":9,"column":2},"end":{"line":11,"column":3}},"type":"if","locations":[{"start":{"line":9,"column":2},"end":{"line":11,"column":3}},{"start":{},"end":{}}],"line":9},"1":{"loc":{"start":{"line":9,"column":6},"end":{"line":9,"column":54}},"type":"binary-expr","locations":[{"start":{"line":9,"column":6},"end":{"line":9,"column":17}},{"start":{"line":9,"column":21},"end":{"line":9,"column":54}}],"line":9}},"s":{"0":4,"1":4,"2":4,"3":5,"4":5,"5":2,"6":3,"7":3,"8":3,"9":1,"10":1,"11":2,"12":4},"f":{"0":5},"b":{"0":[2,3],"1":[5,4]},"_coverageSchema":"1a1c01bbd47fc00a2c39e90264f33305004495a9","hash":"2a0eae733c5456652c1c043f3a8405358b909489"}
,"C:\\Users\\Betsabe\\Desktop\\ProyectoGestion\\Gestion-Seguros\\backend\\src\\config.js": {"path":"C:\\Users\\Betsabe\\Desktop\\ProyectoGestion\\Gestion-Seguros\\backend\\src\\config.js","statementMap":{},"fnMap":{},"branchMap":{},"s":{},"f":{},"b":{},"_coverageSchema":"1a1c01bbd47fc00a2c39e90264f33305004495a9","hash":"c152f46ab5fa72b60ab5fe95d4d8cf0771f26498"}
,"C:\\Users\\Betsabe\\Desktop\\ProyectoGestion\\Gestion-Seguros\\backend\\src\\database.js": {"path":"C:\\Users\\Betsabe\\Desktop\\ProyectoGestion\\Gestion-Seguros\\backend\\src\\database.js","statementMap":{"0":{"start":{"line":2,"column":19},"end":{"line":2,"column":22}},"1":{"start":{"line":7,"column":4},"end":{"line":9,"column":5}},"2":{"start":{"line":8,"column":6},"end":{"line":8,"column":32}},"3":{"start":{"line":11,"column":3},"end":{"line":20,"column":7}},"4":{"start":{"line":22,"column":4},"end":{"line":22,"column":20}},"5":{"start":{"line":23,"column":4},"end":{"line":23,"column":28}},"6":{"start":{"line":26,"column":4},"end":{"line":31,"column":5}},"7":{"start":{"line":27,"column":6},"end":{"line":27,"column":34}},"8":{"start":{"line":28,"column":6},"end":{"line":28,"column":60}},"9":{"start":{"line":30,"column":6},"end":{"line":30,"column":64}},"10":{"start":{"line":35,"column":2},"end":{"line":35,"column":21}}},"fnMap":{"0":{"name":"(anonymous_0)","decl":{"start":{"line":6,"column":2},"end":{"line":6,"column":3}},"loc":{"start":{"line":6,"column":16},"end":{"line":24,"column":3}},"line":6},"1":{"name":"(anonymous_1)","decl":{"start":{"line":34,"column":1},"end":{"line":34,"column":2}},"loc":{"start":{"line":34,"column":15},"end":{"line":36,"column":1}},"line":34}},"branchMap":{"0":{"loc":{"start":{"line":7,"column":4},"end":{"line":9,"column":5}},"type":"if","locations":[{"start":{"line":7,"column":4},"end":{"line":9,"column":5}},{"start":{},"end":{}}],"line":7}},"s":{"0":3,"1":21,"2":18,"3":3,"4":3,"5":3,"6":3,"7":3,"8":2,"9":0,"10":21},"f":{"0":21,"1":21},"b":{"0":[18,3]},"_coverageSchema":"1a1c01bbd47fc00a2c39e90264f33305004495a9","hash":"941c3aa5577aa12f49f2953c15791b3b53fefa74"}
,"C:\\Users\\Betsabe\\Desktop\\ProyectoGestion\\Gestion-Seguros\\backend\\src\\index.js": {"path":"C:\\Users\\Betsabe\\Desktop\\ProyectoGestion\\Gestion-Seguros\\backend\\src\\index.js","statementMap":{"0":{"start":{"line":1,"column":16},"end":{"line":1,"column":34}},"1":{"start":{"line":2,"column":19},"end":{"line":2,"column":41}},"2":{"start":{"line":3,"column":13},"end":{"line":3,"column":28}},"3":{"start":{"line":4,"column":23},"end":{"line":4,"column":66}},"4":{"start":{"line":5,"column":22},"end":{"line":5,"column":60}},"5":{"start":{"line":6,"column":22},"end":{"line":6,"column":60}},"6":{"start":{"line":7,"column":25},"end":{"line":7,"column":66}},"7":{"start":{"line":8,"column":20},"end":{"line":8,"column":57}},"8":{"start":{"line":9,"column":29},"end":{"line":9,"column":68}},"9":{"start":{"line":10,"column":23},"end":{"line":10,"column":62}},"10":{"start":{"line":11,"column":19},"end":{"line":11,"column":54}},"11":{"start":{"line":14,"column":12},"end":{"line":14,"column":21}},"12":{"start":{"line":15,"column":0},"end":{"line":15,"column":16}},"13":{"start":{"line":16,"column":0},"end":{"line":16,"column":24}},"14":{"start":{"line":17,"column":0},"end":{"line":17,"column":32}},"15":{"start":{"line":20,"column":0},"end":{"line":20,"column":34}},"16":{"start":{"line":21,"column":0},"end":{"line":21,"column":40}},"17":{"start":{"line":22,"column":0},"end":{"line":22,"column":32}},"18":{"start":{"line":23,"column":0},"end":{"line":23,"column":45}},"19":{"start":{"line":24,"column":0},"end":{"line":24,"column":37}},"20":{"start":{"line":25,"column":0},"end":{"line":25,"column":30}},"21":{"start":{"line":28,"column":0},"end":{"line":28,"column":21}},"22":{"start":{"line":31,"column":0},"end":{"line":35,"column":1}},"23":{"start":{"line":32,"column":2},"end":{"line":34,"column":5}},"24":{"start":{"line":33,"column":4},"end":{"line":33,"column":69}}},"fnMap":{"0":{"name":"(anonymous_0)","decl":{"start":{"line":32,"column":21},"end":{"line":32,"column":22}},"loc":{"start":{"line":32,"column":27},"end":{"line":34,"column":3}},"line":32}},"branchMap":{"0":{"loc":{"start":{"line":31,"column":0},"end":{"line":35,"column":1}},"type":"if","locations":[{"start":{"line":31,"column":0},"end":{"line":35,"column":1}},{"start":{},"end":{}}],"line":31}},"s":{"0":3,"1":3,"2":3,"3":3,"4":3,"5":3,"6":3,"7":3,"8":3,"9":3,"10":3,"11":3,"12":3,"13":3,"14":3,"15":3,"16":3,"17":3,"18":3,"19":3,"20":3,"21":3,"22":3,"23":0,"24":0},"f":{"0":0},"b":{"0":[0,3]},"_coverageSchema":"1a1c01bbd47fc00a2c39e90264f33305004495a9","hash":"303e13c59ad2ec1f870c7fa933cf113d75a35d15"}
,"C:\\Users\\Betsabe\\Desktop\\ProyectoGestion\\Gestion-Seguros\\backend\\src\\routes\\clientes.routes.js": {"path":"C:\\Users\\Betsabe\\Desktop\\ProyectoGestion\\Gestion-Seguros\\backend\\src\\routes\\clientes.routes.js","statementMap":{"0":{"start":{"line":1,"column":19},"end":{"line":1,"column":37}},"1":{"start":{"line":2,"column":21},"end":{"line":2,"column":46}},"2":{"start":{"line":3,"column":12},"end":{"line":3,"column":35}},"3":{"start":{"line":4,"column":15},"end":{"line":4,"column":23}},"4":{"start":{"line":5,"column":11},"end":{"line":5,"column":25}},"5":{"start":{"line":6,"column":17},"end":{"line":6,"column":33}},"6":{"start":{"line":8,"column":22},"end":{"line":8,"column":25}},"7":{"start":{"line":9,"column":24},"end":{"line":9,"column":27}},"8":{"start":{"line":11,"column":0},"end":{"line":20,"column":3}},"9":{"start":{"line":12,"column":2},"end":{"line":19,"column":3}},"10":{"start":{"line":13,"column":18},"end":{"line":13,"column":62}},"11":{"start":{"line":14,"column":17},"end":{"line":14,"column":61}},"12":{"start":{"line":15,"column":4},"end":{"line":15,"column":19}},"13":{"start":{"line":17,"column":4},"end":{"line":17,"column":47}},"14":{"start":{"line":18,"column":4},"end":{"line":18,"column":102}},"15":{"start":{"line":22,"column":0},"end":{"line":103,"column":3}},"16":{"start":{"line":23,"column":21},"end":{"line":23,"column":29}},"17":{"start":{"line":25,"column":29},"end":{"line":30,"column":3}},"18":{"start":{"line":32,"column":26},"end":{"line":32,"column":80}},"19":{"start":{"line":32,"column":61},"end":{"line":32,"column":79}},"20":{"start":{"line":34,"column":2},"end":{"line":39,"column":3}},"21":{"start":{"line":35,"column":4},"end":{"line":38,"column":7}},"22":{"start":{"line":41,"column":2},"end":{"line":102,"column":3}},"23":{"start":{"line":42,"column":19},"end":{"line":44,"column":29}},"24":{"start":{"line":46,"column":4},"end":{"line":48,"column":5}},"25":{"start":{"line":47,"column":6},"end":{"line":47,"column":86}},"26":{"start":{"line":50,"column":17},"end":{"line":82,"column":6}},"27":{"start":{"line":84,"column":24},"end":{"line":84,"column":44}},"28":{"start":{"line":85,"column":4},"end":{"line":85,"column":81}},"29":{"start":{"line":88,"column":4},"end":{"line":88,"column":25}},"30":{"start":{"line":89,"column":4},"end":{"line":95,"column":5}},"31":{"start":{"line":90,"column":6},"end":{"line":94,"column":9}},"32":{"start":{"line":97,"column":4},"end":{"line":101,"column":7}},"33":{"start":{"line":105,"column":0},"end":{"line":136,"column":3}},"34":{"start":{"line":106,"column":35},"end":{"line":106,"column":43}},"35":{"start":{"line":108,"column":2},"end":{"line":135,"column":3}},"36":{"start":{"line":109,"column":22},"end":{"line":119,"column":5}},"37":{"start":{"line":121,"column":4},"end":{"line":128,"column":5}},"38":{"start":{"line":122,"column":19},"end":{"line":122,"column":41}},"39":{"start":{"line":124,"column":8},"end":{"line":126,"column":42}},"40":{"start":{"line":127,"column":6},"end":{"line":127,"column":56}},"41":{"start":{"line":130,"column":4},"end":{"line":130,"column":66}},"42":{"start":{"line":133,"column":4},"end":{"line":133,"column":61}},"43":{"start":{"line":134,"column":4},"end":{"line":134,"column":68}},"44":{"start":{"line":138,"column":0},"end":{"line":214,"column":3}},"45":{"start":{"line":139,"column":21},"end":{"line":139,"column":29}},"46":{"start":{"line":140,"column":2},"end":{"line":213,"column":3}},"47":{"start":{"line":141,"column":4},"end":{"line":146,"column":5}},"48":{"start":{"line":142,"column":6},"end":{"line":145,"column":9}},"49":{"start":{"line":148,"column":17},"end":{"line":192,"column":6}},"50":{"start":{"line":194,"column":4},"end":{"line":199,"column":5}},"51":{"start":{"line":195,"column":6},"end":{"line":198,"column":9}},"52":{"start":{"line":201,"column":4},"end":{"line":205,"column":7}},"53":{"start":{"line":207,"column":4},"end":{"line":207,"column":25}},"54":{"start":{"line":208,"column":4},"end":{"line":212,"column":7}},"55":{"start":{"line":216,"column":0},"end":{"line":257,"column":3}},"56":{"start":{"line":217,"column":21},"end":{"line":217,"column":29}},"57":{"start":{"line":219,"column":2},"end":{"line":256,"column":3}},"58":{"start":{"line":220,"column":4},"end":{"line":225,"column":5}},"59":{"start":{"line":221,"column":6},"end":{"line":224,"column":9}},"60":{"start":{"line":227,"column":17},"end":{"line":235,"column":6}},"61":{"start":{"line":237,"column":4},"end":{"line":242,"column":5}},"62":{"start":{"line":238,"column":6},"end":{"line":241,"column":9}},"63":{"start":{"line":244,"column":4},"end":{"line":248,"column":7}},"64":{"start":{"line":250,"column":4},"end":{"line":250,"column":25}},"65":{"start":{"line":251,"column":4},"end":{"line":255,"column":7}},"66":{"start":{"line":259,"column":0},"end":{"line":273,"column":3}},"67":{"start":{"line":260,"column":16},"end":{"line":260,"column":76}},"68":{"start":{"line":261,"column":2},"end":{"line":272,"column":3}},"69":{"start":{"line":262,"column":18},"end":{"line":262,"column":61}},"70":{"start":{"line":263,"column":17},"end":{"line":263,"column":53}},"71":{"start":{"line":265,"column":4},"end":{"line":267,"column":5}},"72":{"start":{"line":266,"column":6},"end":{"line":266,"column":72}},"73":{"start":{"line":268,"column":4},"end":{"line":268,"column":27}},"74":{"start":{"line":270,"column":4},"end":{"line":270,"column":47}},"75":{"start":{"line":271,"column":4},"end":{"line":271,"column":71}},"76":{"start":{"line":275,"column":0},"end":{"line":308,"column":3}},"77":{"start":{"line":276,"column":18},"end":{"line":276,"column":26}},"78":{"start":{"line":278,"column":2},"end":{"line":307,"column":3}},"79":{"start":{"line":279,"column":19},"end":{"line":282,"column":5}},"80":{"start":{"line":284,"column":4},"end":{"line":286,"column":5}},"81":{"start":{"line":285,"column":6},"end":{"line":285,"column":85}},"82":{"start":{"line":288,"column":18},"end":{"line":288,"column":48}},"83":{"start":{"line":291,"column":4},"end":{"line":295,"column":5}},"84":{"start":{"line":292,"column":6},"end":{"line":292,"column":50}},"85":{"start":{"line":294,"column":6},"end":{"line":294,"column":93}},"86":{"start":{"line":297,"column":4},"end":{"line":302,"column":7}},"87":{"start":{"line":305,"column":4},"end":{"line":305,"column":52}},"88":{"start":{"line":306,"column":4},"end":{"line":306,"column":85}},"89":{"start":{"line":310,"column":0},"end":{"line":321,"column":3}},"90":{"start":{"line":311,"column":13},"end":{"line":311,"column":73}},"91":{"start":{"line":313,"column":2},"end":{"line":320,"column":3}},"92":{"start":{"line":314,"column":18},"end":{"line":314,"column":60}},"93":{"start":{"line":315,"column":17},"end":{"line":315,"column":50}},"94":{"start":{"line":316,"column":4},"end":{"line":316,"column":24}},"95":{"start":{"line":318,"column":4},"end":{"line":318,"column":47}},"96":{"start":{"line":319,"column":4},"end":{"line":319,"column":102}},"97":{"start":{"line":323,"column":0},"end":{"line":352,"column":3}},"98":{"start":{"line":324,"column":26},"end":{"line":324,"column":34}},"99":{"start":{"line":325,"column":23},"end":{"line":325,"column":26}},"100":{"start":{"line":327,"column":2},"end":{"line":329,"column":3}},"101":{"start":{"line":328,"column":4},"end":{"line":328,"column":86}},"102":{"start":{"line":330,"column":2},"end":{"line":351,"column":3}},"103":{"start":{"line":331,"column":25},"end":{"line":335,"column":26}},"104":{"start":{"line":337,"column":4},"end":{"line":339,"column":5}},"105":{"start":{"line":338,"column":6},"end":{"line":338,"column":71}},"106":{"start":{"line":341,"column":4},"end":{"line":344,"column":6}},"107":{"start":{"line":346,"column":4},"end":{"line":346,"column":80}},"108":{"start":{"line":349,"column":4},"end":{"line":349,"column":53}},"109":{"start":{"line":350,"column":4},"end":{"line":350,"column":76}},"110":{"start":{"line":354,"column":0},"end":{"line":354,"column":24}}},"fnMap":{"0":{"name":"(anonymous_0)","decl":{"start":{"line":11,"column":22},"end":{"line":11,"column":23}},"loc":{"start":{"line":11,"column":42},"end":{"line":20,"column":1}},"line":11},"1":{"name":"(anonymous_1)","decl":{"start":{"line":22,"column":21},"end":{"line":22,"column":22}},"loc":{"start":{"line":22,"column":41},"end":{"line":103,"column":1}},"line":22},"2":{"name":"(anonymous_2)","decl":{"start":{"line":32,"column":52},"end":{"line":32,"column":53}},"loc":{"start":{"line":32,"column":61},"end":{"line":32,"column":79}},"line":32},"3":{"name":"(anonymous_3)","decl":{"start":{"line":105,"column":36},"end":{"line":105,"column":37}},"loc":{"start":{"line":105,"column":56},"end":{"line":136,"column":1}},"line":105},"4":{"name":"(anonymous_4)","decl":{"start":{"line":138,"column":22},"end":{"line":138,"column":23}},"loc":{"start":{"line":138,"column":42},"end":{"line":214,"column":1}},"line":138},"5":{"name":"(anonymous_5)","decl":{"start":{"line":216,"column":26},"end":{"line":216,"column":27}},"loc":{"start":{"line":216,"column":46},"end":{"line":257,"column":1}},"line":216},"6":{"name":"(anonymous_6)","decl":{"start":{"line":259,"column":22},"end":{"line":259,"column":23}},"loc":{"start":{"line":259,"column":42},"end":{"line":273,"column":1}},"line":259},"7":{"name":"(anonymous_7)","decl":{"start":{"line":275,"column":36},"end":{"line":275,"column":37}},"loc":{"start":{"line":275,"column":56},"end":{"line":308,"column":1}},"line":275},"8":{"name":"(anonymous_8)","decl":{"start":{"line":310,"column":31},"end":{"line":310,"column":32}},"loc":{"start":{"line":310,"column":51},"end":{"line":321,"column":1}},"line":310},"9":{"name":"(anonymous_9)","decl":{"start":{"line":323,"column":30},"end":{"line":323,"column":31}},"loc":{"start":{"line":323,"column":50},"end":{"line":352,"column":1}},"line":323}},"branchMap":{"0":{"loc":{"start":{"line":34,"column":2},"end":{"line":39,"column":3}},"type":"if","locations":[{"start":{"line":34,"column":2},"end":{"line":39,"column":3}},{"start":{},"end":{}}],"line":34},"1":{"loc":{"start":{"line":46,"column":4},"end":{"line":48,"column":5}},"type":"if","locations":[{"start":{"line":46,"column":4},"end":{"line":48,"column":5}},{"start":{},"end":{}}],"line":46},"2":{"loc":{"start":{"line":89,"column":4},"end":{"line":95,"column":5}},"type":"if","locations":[{"start":{"line":89,"column":4},"end":{"line":95,"column":5}},{"start":{},"end":{}}],"line":89},"3":{"loc":{"start":{"line":121,"column":4},"end":{"line":128,"column":5}},"type":"if","locations":[{"start":{"line":121,"column":4},"end":{"line":128,"column":5}},{"start":{},"end":{}}],"line":121},"4":{"loc":{"start":{"line":124,"column":8},"end":{"line":126,"column":42}},"type":"cond-expr","locations":[{"start":{"line":125,"column":12},"end":{"line":125,"column":42}},{"start":{"line":126,"column":12},"end":{"line":126,"column":42}}],"line":124},"5":{"loc":{"start":{"line":141,"column":4},"end":{"line":146,"column":5}},"type":"if","locations":[{"start":{"line":141,"column":4},"end":{"line":146,"column":5}},{"start":{},"end":{}}],"line":141},"6":{"loc":{"start":{"line":194,"column":4},"end":{"line":199,"column":5}},"type":"if","locations":[{"start":{"line":194,"column":4},"end":{"line":199,"column":5}},{"start":{},"end":{}}],"line":194},"7":{"loc":{"start":{"line":220,"column":4},"end":{"line":225,"column":5}},"type":"if","locations":[{"start":{"line":220,"column":4},"end":{"line":225,"column":5}},{"start":{},"end":{}}],"line":220},"8":{"loc":{"start":{"line":237,"column":4},"end":{"line":242,"column":5}},"type":"if","locations":[{"start":{"line":237,"column":4},"end":{"line":242,"column":5}},{"start":{},"end":{}}],"line":237},"9":{"loc":{"start":{"line":260,"column":16},"end":{"line":260,"column":76}},"type":"cond-expr","locations":[{"start":{"line":260,"column":46},"end":{"line":260,"column":61}},{"start":{"line":260,"column":64},"end":{"line":260,"column":76}}],"line":260},"10":{"loc":{"start":{"line":265,"column":4},"end":{"line":267,"column":5}},"type":"if","locations":[{"start":{"line":265,"column":4},"end":{"line":267,"column":5}},{"start":{},"end":{}}],"line":265},"11":{"loc":{"start":{"line":284,"column":4},"end":{"line":286,"column":5}},"type":"if","locations":[{"start":{"line":284,"column":4},"end":{"line":286,"column":5}},{"start":{},"end":{}}],"line":284},"12":{"loc":{"start":{"line":311,"column":13},"end":{"line":311,"column":73}},"type":"cond-expr","locations":[{"start":{"line":311,"column":43},"end":{"line":311,"column":58}},{"start":{"line":311,"column":61},"end":{"line":311,"column":73}}],"line":311},"13":{"loc":{"start":{"line":327,"column":2},"end":{"line":329,"column":3}},"type":"if","locations":[{"start":{"line":327,"column":2},"end":{"line":329,"column":3}},{"start":{},"end":{}}],"line":327},"14":{"loc":{"start":{"line":327,"column":6},"end":{"line":327,"column":21}},"type":"binary-expr","locations":[{"start":{"line":327,"column":6},"end":{"line":327,"column":9}},{"start":{"line":327,"column":13},"end":{"line":327,"column":21}}],"line":327},"15":{"loc":{"start":{"line":337,"column":4},"end":{"line":339,"column":5}},"type":"if","locations":[{"start":{"line":337,"column":4},"end":{"line":339,"column":5}},{"start":{},"end":{}}],"line":337}},"s":{"0":4,"1":4,"2":4,"3":4,"4":4,"5":4,"6":4,"7":4,"8":4,"9":1,"10":1,"11":1,"12":1,"13":0,"14":0,"15":4,"16":2,"17":2,"18":2,"19":38,"20":2,"21":1,"22":1,"23":1,"24":1,"25":0,"26":1,"27":1,"28":1,"29":0,"30":0,"31":0,"32":0,"33":4,"34":2,"35":2,"36":2,"37":2,"38":1,"39":1,"40":1,"41":1,"42":0,"43":0,"44":4,"45":3,"46":3,"47":3,"48":1,"49":2,"50":2,"51":1,"52":1,"53":0,"54":0,"55":4,"56":3,"57":3,"58":3,"59":1,"60":2,"61":2,"62":1,"63":1,"64":1,"65":1,"66":4,"67":2,"68":2,"69":2,"70":2,"71":2,"72":1,"73":1,"74":0,"75":0,"76":4,"77":2,"78":2,"79":2,"80":2,"81":1,"82":1,"83":1,"84":1,"85":1,"86":0,"87":0,"88":0,"89":4,"90":2,"91":2,"92":2,"93":2,"94":2,"95":0,"96":0,"97":4,"98":2,"99":2,"100":2,"101":2,"102":0,"103":0,"104":0,"105":0,"106":0,"107":0,"108":0,"109":0,"110":4},"f":{"0":1,"1":2,"2":38,"3":2,"4":3,"5":3,"6":2,"7":2,"8":2,"9":2},"b":{"0":[1,1],"1":[0,1],"2":[0,0],"3":[1,1],"4":[1,0],"5":[1,2],"6":[1,1],"7":[1,2],"8":[1,1],"9":[0,2],"10":[1,1],"11":[1,1],"12":[0,2],"13":[2,0],"14":[2,0],"15":[0,0]},"_coverageSchema":"1a1c01bbd47fc00a2c39e90264f33305004495a9","hash":"c6415208749bf3d19246463551a1596e386f1107"}
,"C:\\Users\\Betsabe\\Desktop\\ProyectoGestion\\Gestion-Seguros\\backend\\src\\routes\\direcciones.routes.js": {"path":"C:\\Users\\Betsabe\\Desktop\\ProyectoGestion\\Gestion-Seguros\\backend\\src\\routes\\direcciones.routes.js","statementMap":{"0":{"start":{"line":1,"column":19},"end":{"line":1,"column":37}},"1":{"start":{"line":2,"column":21},"end":{"line":2,"column":46}},"2":{"start":{"line":4,"column":15},"end":{"line":4,"column":23}},"3":{"start":{"line":5,"column":11},"end":{"line":5,"column":25}},"4":{"start":{"line":6,"column":17},"end":{"line":6,"column":33}},"5":{"start":{"line":8,"column":0},"end":{"line":15,"column":3}},"6":{"start":{"line":9,"column":2},"end":{"line":14,"column":3}},"7":{"start":{"line":10,"column":17},"end":{"line":10,"column":59}},"8":{"start":{"line":11,"column":4},"end":{"line":11,"column":19}},"9":{"start":{"line":13,"column":4},"end":{"line":13,"column":71}},"10":{"start":{"line":17,"column":0},"end":{"line":32,"column":5}},"11":{"start":{"line":18,"column":4},"end":{"line":31,"column":5}},"12":{"start":{"line":19,"column":19},"end":{"line":19,"column":79}},"13":{"start":{"line":20,"column":6},"end":{"line":22,"column":7}},"14":{"start":{"line":21,"column":8},"end":{"line":21,"column":85}},"15":{"start":{"line":24,"column":20},"end":{"line":24,"column":64}},"16":{"start":{"line":25,"column":21},"end":{"line":25,"column":27}},"17":{"start":{"line":26,"column":19},"end":{"line":26,"column":54}},"18":{"start":{"line":28,"column":6},"end":{"line":28,"column":26}},"19":{"start":{"line":30,"column":6},"end":{"line":30,"column":73}},"20":{"start":{"line":34,"column":0},"end":{"line":48,"column":5}},"21":{"start":{"line":35,"column":4},"end":{"line":47,"column":5}},"22":{"start":{"line":36,"column":24},"end":{"line":36,"column":84}},"23":{"start":{"line":37,"column":6},"end":{"line":39,"column":7}},"24":{"start":{"line":38,"column":8},"end":{"line":38,"column":90}},"25":{"start":{"line":40,"column":20},"end":{"line":40,"column":63}},"26":{"start":{"line":41,"column":21},"end":{"line":41,"column":32}},"27":{"start":{"line":42,"column":19},"end":{"line":42,"column":54}},"28":{"start":{"line":44,"column":6},"end":{"line":44,"column":26}},"29":{"start":{"line":46,"column":6},"end":{"line":46,"column":76}},"30":{"start":{"line":50,"column":0},"end":{"line":65,"column":5}},"31":{"start":{"line":52,"column":4},"end":{"line":64,"column":5}},"32":{"start":{"line":53,"column":21},"end":{"line":53,"column":81}},"33":{"start":{"line":54,"column":6},"end":{"line":56,"column":7}},"34":{"start":{"line":55,"column":8},"end":{"line":55,"column":87}},"35":{"start":{"line":57,"column":20},"end":{"line":57,"column":219}},"36":{"start":{"line":58,"column":21},"end":{"line":58,"column":29}},"37":{"start":{"line":59,"column":19},"end":{"line":59,"column":54}},"38":{"start":{"line":61,"column":6},"end":{"line":61,"column":26}},"39":{"start":{"line":63,"column":6},"end":{"line":63,"column":76}},"40":{"start":{"line":68,"column":0},"end":{"line":68,"column":24}}},"fnMap":{"0":{"name":"(anonymous_0)","decl":{"start":{"line":8,"column":20},"end":{"line":8,"column":21}},"loc":{"start":{"line":8,"column":40},"end":{"line":15,"column":1}},"line":8},"1":{"name":"(anonymous_1)","decl":{"start":{"line":17,"column":25},"end":{"line":17,"column":26}},"loc":{"start":{"line":17,"column":45},"end":{"line":32,"column":3}},"line":17},"2":{"name":"(anonymous_2)","decl":{"start":{"line":34,"column":22},"end":{"line":34,"column":23}},"loc":{"start":{"line":34,"column":42},"end":{"line":48,"column":3}},"line":34},"3":{"name":"(anonymous_3)","decl":{"start":{"line":50,"column":22},"end":{"line":50,"column":23}},"loc":{"start":{"line":50,"column":42},"end":{"line":65,"column":3}},"line":50}},"branchMap":{"0":{"loc":{"start":{"line":19,"column":19},"end":{"line":19,"column":79}},"type":"cond-expr","locations":[{"start":{"line":19,"column":49},"end":{"line":19,"column":64}},{"start":{"line":19,"column":67},"end":{"line":19,"column":79}}],"line":19},"1":{"loc":{"start":{"line":20,"column":6},"end":{"line":22,"column":7}},"type":"if","locations":[{"start":{"line":20,"column":6},"end":{"line":22,"column":7}},{"start":{},"end":{}}],"line":20},"2":{"loc":{"start":{"line":36,"column":24},"end":{"line":36,"column":84}},"type":"cond-expr","locations":[{"start":{"line":36,"column":54},"end":{"line":36,"column":69}},{"start":{"line":36,"column":72},"end":{"line":36,"column":84}}],"line":36},"3":{"loc":{"start":{"line":37,"column":6},"end":{"line":39,"column":7}},"type":"if","locations":[{"start":{"line":37,"column":6},"end":{"line":39,"column":7}},{"start":{},"end":{}}],"line":37},"4":{"loc":{"start":{"line":53,"column":21},"end":{"line":53,"column":81}},"type":"cond-expr","locations":[{"start":{"line":53,"column":51},"end":{"line":53,"column":66}},{"start":{"line":53,"column":69},"end":{"line":53,"column":81}}],"line":53},"5":{"loc":{"start":{"line":54,"column":6},"end":{"line":56,"column":7}},"type":"if","locations":[{"start":{"line":54,"column":6},"end":{"line":56,"column":7}},{"start":{},"end":{}}],"line":54}},"s":{"0":3,"1":3,"2":3,"3":3,"4":3,"5":3,"6":1,"7":1,"8":1,"9":0,"10":3,"11":2,"12":2,"13":2,"14":1,"15":1,"16":1,"17":1,"18":1,"19":0,"20":3,"21":2,"22":2,"23":2,"24":1,"25":1,"26":1,"27":1,"28":1,"29":0,"30":3,"31":2,"32":2,"33":2,"34":1,"35":1,"36":1,"37":1,"38":1,"39":0,"40":3},"f":{"0":1,"1":2,"2":2,"3":2},"b":{"0":[0,2],"1":[1,1],"2":[0,2],"3":[1,1],"4":[0,2],"5":[1,1]},"_coverageSchema":"1a1c01bbd47fc00a2c39e90264f33305004495a9","hash":"8e585192fdef03202d8be13c1ba6a63ba29e9387"}
,"C:\\Users\\Betsabe\\Desktop\\ProyectoGestion\\Gestion-Seguros\\backend\\src\\routes\\email.routes.js": {"path":"C:\\Users\\Betsabe\\Desktop\\ProyectoGestion\\Gestion-Seguros\\backend\\src\\routes\\email.routes.js","statementMap":{"0":{"start":{"line":1,"column":19},"end":{"line":1,"column":40}},"1":{"start":{"line":2,"column":19},"end":{"line":2,"column":37}},"2":{"start":{"line":3,"column":21},"end":{"line":3,"column":46}},"3":{"start":{"line":5,"column":15},"end":{"line":5,"column":23}},"4":{"start":{"line":6,"column":11},"end":{"line":6,"column":25}},"5":{"start":{"line":8,"column":17},"end":{"line":8,"column":33}},"6":{"start":{"line":11,"column":0},"end":{"line":108,"column":3}},"7":{"start":{"line":12,"column":26},"end":{"line":12,"column":34}},"8":{"start":{"line":13,"column":18},"end":{"line":13,"column":52}},"9":{"start":{"line":14,"column":15},"end":{"line":74,"column":5}},"10":{"start":{"line":77,"column":2},"end":{"line":79,"column":3}},"11":{"start":{"line":78,"column":4},"end":{"line":78,"column":83}},"12":{"start":{"line":83,"column":22},"end":{"line":89,"column":4}},"13":{"start":{"line":93,"column":22},"end":{"line":98,"column":3}},"14":{"start":{"line":100,"column":2},"end":{"line":107,"column":3}},"15":{"start":{"line":101,"column":17},"end":{"line":101,"column":56}},"16":{"start":{"line":102,"column":4},"end":{"line":102,"column":50}},"17":{"start":{"line":103,"column":4},"end":{"line":103,"column":72}},"18":{"start":{"line":105,"column":4},"end":{"line":105,"column":55}},"19":{"start":{"line":106,"column":4},"end":{"line":106,"column":74}},"20":{"start":{"line":110,"column":0},"end":{"line":204,"column":3}},"21":{"start":{"line":111,"column":26},"end":{"line":111,"column":34}},"22":{"start":{"line":112,"column":4},"end":{"line":112,"column":20}},"23":{"start":{"line":113,"column":19},"end":{"line":113,"column":71}},"24":{"start":{"line":114,"column":13},"end":{"line":175,"column":1}},"25":{"start":{"line":177,"column":2},"end":{"line":179,"column":3}},"26":{"start":{"line":178,"column":4},"end":{"line":178,"column":83}},"27":{"start":{"line":181,"column":22},"end":{"line":187,"column":4}},"28":{"start":{"line":189,"column":22},"end":{"line":194,"column":3}},"29":{"start":{"line":196,"column":2},"end":{"line":203,"column":3}},"30":{"start":{"line":197,"column":17},"end":{"line":197,"column":56}},"31":{"start":{"line":198,"column":4},"end":{"line":198,"column":50}},"32":{"start":{"line":199,"column":4},"end":{"line":199,"column":72}},"33":{"start":{"line":201,"column":4},"end":{"line":201,"column":55}},"34":{"start":{"line":202,"column":4},"end":{"line":202,"column":74}},"35":{"start":{"line":206,"column":0},"end":{"line":206,"column":24}}},"fnMap":{"0":{"name":"(anonymous_0)","decl":{"start":{"line":11,"column":30},"end":{"line":11,"column":31}},"loc":{"start":{"line":11,"column":50},"end":{"line":108,"column":1}},"line":11},"1":{"name":"(anonymous_1)","decl":{"start":{"line":110,"column":41},"end":{"line":110,"column":42}},"loc":{"start":{"line":110,"column":61},"end":{"line":204,"column":1}},"line":110}},"branchMap":{"0":{"loc":{"start":{"line":77,"column":2},"end":{"line":79,"column":3}},"type":"if","locations":[{"start":{"line":77,"column":2},"end":{"line":79,"column":3}},{"start":{},"end":{}}],"line":77},"1":{"loc":{"start":{"line":77,"column":6},"end":{"line":77,"column":30}},"type":"binary-expr","locations":[{"start":{"line":77,"column":6},"end":{"line":77,"column":9}},{"start":{"line":77,"column":13},"end":{"line":77,"column":21}},{"start":{"line":77,"column":25},"end":{"line":77,"column":30}}],"line":77},"2":{"loc":{"start":{"line":177,"column":2},"end":{"line":179,"column":3}},"type":"if","locations":[{"start":{"line":177,"column":2},"end":{"line":179,"column":3}},{"start":{},"end":{}}],"line":177},"3":{"loc":{"start":{"line":177,"column":6},"end":{"line":177,"column":30}},"type":"binary-expr","locations":[{"start":{"line":177,"column":6},"end":{"line":177,"column":9}},{"start":{"line":177,"column":13},"end":{"line":177,"column":21}},{"start":{"line":177,"column":25},"end":{"line":177,"column":30}}],"line":177}},"s":{"0":3,"1":3,"2":3,"3":3,"4":3,"5":3,"6":3,"7":4,"8":4,"9":4,"10":4,"11":1,"12":3,"13":3,"14":3,"15":3,"16":2,"17":2,"18":1,"19":1,"20":3,"21":4,"22":4,"23":4,"24":4,"25":4,"26":1,"27":3,"28":3,"29":3,"30":3,"31":2,"32":2,"33":1,"34":1,"35":3},"f":{"0":4,"1":4},"b":{"0":[1,3],"1":[4,3,3],"2":[1,3],"3":[4,3,3]},"_coverageSchema":"1a1c01bbd47fc00a2c39e90264f33305004495a9","hash":"1feedea7e3f2e3f8bae92d0a6ff7087d3cb01e9c"}
,"C:\\Users\\Betsabe\\Desktop\\ProyectoGestion\\Gestion-Seguros\\backend\\src\\routes\\empleados.routes.js": {"path":"C:\\Users\\Betsabe\\Desktop\\ProyectoGestion\\Gestion-Seguros\\backend\\src\\routes\\empleados.routes.js","statementMap":{"0":{"start":{"line":1,"column":19},"end":{"line":1,"column":37}},"1":{"start":{"line":2,"column":21},"end":{"line":2,"column":46}},"2":{"start":{"line":4,"column":15},"end":{"line":4,"column":23}},"3":{"start":{"line":5,"column":11},"end":{"line":5,"column":25}},"4":{"start":{"line":6,"column":17},"end":{"line":6,"column":33}},"5":{"start":{"line":8,"column":0},"end":{"line":21,"column":3}},"6":{"start":{"line":9,"column":2},"end":{"line":20,"column":3}},"7":{"start":{"line":10,"column":22},"end":{"line":10,"column":34}},"8":{"start":{"line":11,"column":4},"end":{"line":13,"column":5}},"9":{"start":{"line":12,"column":6},"end":{"line":12,"column":55}},"10":{"start":{"line":14,"column":18},"end":{"line":14,"column":63}},"11":{"start":{"line":15,"column":19},"end":{"line":15,"column":27}},"12":{"start":{"line":16,"column":17},"end":{"line":16,"column":52}},"13":{"start":{"line":17,"column":4},"end":{"line":17,"column":24}},"14":{"start":{"line":19,"column":4},"end":{"line":19,"column":77}},"15":{"start":{"line":24,"column":0},"end":{"line":24,"column":24}}},"fnMap":{"0":{"name":"(anonymous_0)","decl":{"start":{"line":8,"column":30},"end":{"line":8,"column":31}},"loc":{"start":{"line":8,"column":50},"end":{"line":21,"column":1}},"line":8}},"branchMap":{"0":{"loc":{"start":{"line":11,"column":4},"end":{"line":13,"column":5}},"type":"if","locations":[{"start":{"line":11,"column":4},"end":{"line":13,"column":5}},{"start":{},"end":{}}],"line":11}},"s":{"0":4,"1":4,"2":4,"3":4,"4":4,"5":4,"6":4,"7":4,"8":4,"9":1,"10":3,"11":3,"12":3,"13":2,"14":1,"15":4},"f":{"0":4},"b":{"0":[1,3]},"_coverageSchema":"1a1c01bbd47fc00a2c39e90264f33305004495a9","hash":"fb8345e243bd9968da955d843c24c64980f1ce88"}
,"C:\\Users\\Betsabe\\Desktop\\ProyectoGestion\\Gestion-Seguros\\backend\\src\\routes\\seguros.routes.js": {"path":"C:\\Users\\Betsabe\\Desktop\\ProyectoGestion\\Gestion-Seguros\\backend\\src\\routes\\seguros.routes.js","statementMap":{"0":{"start":{"line":1,"column":19},"end":{"line":1,"column":37}},"1":{"start":{"line":2,"column":21},"end":{"line":2,"column":46}},"2":{"start":{"line":4,"column":15},"end":{"line":4,"column":23}},"3":{"start":{"line":5,"column":11},"end":{"line":5,"column":25}},"4":{"start":{"line":6,"column":17},"end":{"line":6,"column":33}},"5":{"start":{"line":8,"column":0},"end":{"line":15,"column":3}},"6":{"start":{"line":9,"column":2},"end":{"line":14,"column":3}},"7":{"start":{"line":10,"column":17},"end":{"line":10,"column":62}},"8":{"start":{"line":11,"column":4},"end":{"line":11,"column":19}},"9":{"start":{"line":13,"column":4},"end":{"line":13,"column":71}},"10":{"start":{"line":17,"column":0},"end":{"line":41,"column":5}},"11":{"start":{"line":18,"column":23},"end":{"line":18,"column":31}},"12":{"start":{"line":20,"column":4},"end":{"line":40,"column":5}},"13":{"start":{"line":21,"column":19},"end":{"line":34,"column":8}},"14":{"start":{"line":36,"column":6},"end":{"line":36,"column":66}},"15":{"start":{"line":38,"column":6},"end":{"line":38,"column":55}},"16":{"start":{"line":39,"column":6},"end":{"line":39,"column":74}},"17":{"start":{"line":43,"column":2},"end":{"line":85,"column":5}},"18":{"start":{"line":44,"column":23},"end":{"line":44,"column":31}},"19":{"start":{"line":46,"column":4},"end":{"line":84,"column":5}},"20":{"start":{"line":47,"column":19},"end":{"line":75,"column":8}},"21":{"start":{"line":77,"column":6},"end":{"line":80,"column":9}},"22":{"start":{"line":82,"column":6},"end":{"line":82,"column":64}},"23":{"start":{"line":83,"column":6},"end":{"line":83,"column":83}},"24":{"start":{"line":87,"column":2},"end":{"line":113,"column":5}},"25":{"start":{"line":88,"column":23},"end":{"line":88,"column":31}},"26":{"start":{"line":90,"column":4},"end":{"line":112,"column":5}},"27":{"start":{"line":91,"column":19},"end":{"line":103,"column":8}},"28":{"start":{"line":105,"column":6},"end":{"line":108,"column":9}},"29":{"start":{"line":110,"column":6},"end":{"line":110,"column":64}},"30":{"start":{"line":111,"column":6},"end":{"line":111,"column":83}},"31":{"start":{"line":115,"column":2},"end":{"line":160,"column":5}},"32":{"start":{"line":116,"column":23},"end":{"line":116,"column":31}},"33":{"start":{"line":117,"column":4},"end":{"line":117,"column":28}},"34":{"start":{"line":118,"column":20},"end":{"line":118,"column":21}},"35":{"start":{"line":119,"column":4},"end":{"line":159,"column":5}},"36":{"start":{"line":120,"column":18},"end":{"line":150,"column":12}},"37":{"start":{"line":152,"column":6},"end":{"line":155,"column":9}},"38":{"start":{"line":157,"column":6},"end":{"line":157,"column":55}},"39":{"start":{"line":158,"column":6},"end":{"line":158,"column":74}},"40":{"start":{"line":162,"column":2},"end":{"line":211,"column":3}},"41":{"start":{"line":163,"column":23},"end":{"line":163,"column":31}},"42":{"start":{"line":165,"column":2},"end":{"line":167,"column":3}},"43":{"start":{"line":166,"column":4},"end":{"line":166,"column":78}},"44":{"start":{"line":169,"column":17},"end":{"line":169,"column":19}},"45":{"start":{"line":170,"column":23},"end":{"line":186,"column":15}},"46":{"start":{"line":171,"column":16},"end":{"line":171,"column":22}},"47":{"start":{"line":172,"column":4},"end":{"line":184,"column":6}},"48":{"start":{"line":185,"column":4},"end":{"line":185,"column":159}},"49":{"start":{"line":188,"column":16},"end":{"line":202,"column":3}},"50":{"start":{"line":204,"column":2},"end":{"line":210,"column":3}},"51":{"start":{"line":205,"column":4},"end":{"line":205,"column":40}},"52":{"start":{"line":206,"column":4},"end":{"line":206,"column":66}},"53":{"start":{"line":208,"column":4},"end":{"line":208,"column":60}},"54":{"start":{"line":209,"column":4},"end":{"line":209,"column":79}},"55":{"start":{"line":214,"column":0},"end":{"line":214,"column":24}}},"fnMap":{"0":{"name":"(anonymous_0)","decl":{"start":{"line":8,"column":22},"end":{"line":8,"column":23}},"loc":{"start":{"line":8,"column":42},"end":{"line":15,"column":1}},"line":8},"1":{"name":"(anonymous_1)","decl":{"start":{"line":17,"column":21},"end":{"line":17,"column":22}},"loc":{"start":{"line":17,"column":41},"end":{"line":41,"column":3}},"line":17},"2":{"name":"(anonymous_2)","decl":{"start":{"line":43,"column":34},"end":{"line":43,"column":35}},"loc":{"start":{"line":43,"column":54},"end":{"line":85,"column":3}},"line":43},"3":{"name":"(anonymous_3)","decl":{"start":{"line":87,"column":35},"end":{"line":87,"column":36}},"loc":{"start":{"line":87,"column":55},"end":{"line":113,"column":3}},"line":87},"4":{"name":"(anonymous_4)","decl":{"start":{"line":115,"column":29},"end":{"line":115,"column":30}},"loc":{"start":{"line":115,"column":49},"end":{"line":160,"column":3}},"line":115},"5":{"name":"(anonymous_5)","decl":{"start":{"line":162,"column":35},"end":{"line":162,"column":36}},"loc":{"start":{"line":162,"column":55},"end":{"line":211,"column":1}},"line":162},"6":{"name":"(anonymous_6)","decl":{"start":{"line":170,"column":40},"end":{"line":170,"column":41}},"loc":{"start":{"line":170,"column":52},"end":{"line":186,"column":3}},"line":170}},"branchMap":{"0":{"loc":{"start":{"line":165,"column":2},"end":{"line":167,"column":3}},"type":"if","locations":[{"start":{"line":165,"column":2},"end":{"line":167,"column":3}},{"start":{},"end":{}}],"line":165},"1":{"loc":{"start":{"line":165,"column":6},"end":{"line":165,"column":63}},"type":"binary-expr","locations":[{"start":{"line":165,"column":6},"end":{"line":165,"column":34}},{"start":{"line":165,"column":38},"end":{"line":165,"column":63}}],"line":165}},"s":{"0":4,"1":4,"2":4,"3":4,"4":4,"5":4,"6":2,"7":2,"8":1,"9":1,"10":4,"11":2,"12":2,"13":2,"14":1,"15":1,"16":1,"17":4,"18":1,"19":1,"20":1,"21":1,"22":0,"23":0,"24":4,"25":1,"26":1,"27":1,"28":1,"29":0,"30":0,"31":4,"32":1,"33":1,"34":1,"35":1,"36":1,"37":1,"38":0,"39":0,"40":4,"41":3,"42":3,"43":2,"44":1,"45":1,"46":2,"47":2,"48":2,"49":1,"50":1,"51":1,"52":1,"53":0,"54":0,"55":4},"f":{"0":2,"1":2,"2":1,"3":1,"4":1,"5":3,"6":2},"b":{"0":[2,1],"1":[3,2]},"_coverageSchema":"1a1c01bbd47fc00a2c39e90264f33305004495a9","hash":"d0047b13ed1ae52bcacff78ab708148a1d1f8726"}
,"C:\\Users\\Betsabe\\Desktop\\ProyectoGestion\\Gestion-Seguros\\backend\\src\\routes\\tiposeguro.route.js": {"path":"C:\\Users\\Betsabe\\Desktop\\ProyectoGestion\\Gestion-Seguros\\backend\\src\\routes\\tiposeguro.route.js","statementMap":{"0":{"start":{"line":1,"column":19},"end":{"line":1,"column":37}},"1":{"start":{"line":2,"column":21},"end":{"line":2,"column":46}},"2":{"start":{"line":4,"column":15},"end":{"line":4,"column":23}},"3":{"start":{"line":5,"column":11},"end":{"line":5,"column":25}},"4":{"start":{"line":6,"column":17},"end":{"line":6,"column":33}},"5":{"start":{"line":8,"column":0},"end":{"line":18,"column":3}},"6":{"start":{"line":9,"column":2},"end":{"line":17,"column":3}},"7":{"start":{"line":10,"column":15},"end":{"line":10,"column":16}},"8":{"start":{"line":11,"column":18},"end":{"line":11,"column":66}},"9":{"start":{"line":12,"column":19},"end":{"line":12,"column":23}},"10":{"start":{"line":13,"column":17},"end":{"line":13,"column":52}},"11":{"start":{"line":14,"column":4},"end":{"line":14,"column":19}},"12":{"start":{"line":16,"column":4},"end":{"line":16,"column":71}},"13":{"start":{"line":20,"column":0},"end":{"line":51,"column":3}},"14":{"start":{"line":21,"column":26},"end":{"line":21,"column":34}},"15":{"start":{"line":23,"column":2},"end":{"line":50,"column":3}},"16":{"start":{"line":24,"column":19},"end":{"line":26,"column":37}},"17":{"start":{"line":28,"column":4},"end":{"line":30,"column":5}},"18":{"start":{"line":29,"column":6},"end":{"line":29,"column":89}},"19":{"start":{"line":31,"column":17},"end":{"line":44,"column":6}},"20":{"start":{"line":46,"column":4},"end":{"line":46,"column":86}},"21":{"start":{"line":48,"column":4},"end":{"line":48,"column":61}},"22":{"start":{"line":49,"column":4},"end":{"line":49,"column":80}},"23":{"start":{"line":53,"column":0},"end":{"line":79,"column":3}},"24":{"start":{"line":54,"column":16},"end":{"line":54,"column":24}},"25":{"start":{"line":56,"column":2},"end":{"line":58,"column":3}},"26":{"start":{"line":57,"column":4},"end":{"line":57,"column":78}},"27":{"start":{"line":60,"column":17},"end":{"line":60,"column":19}},"28":{"start":{"line":61,"column":23},"end":{"line":65,"column":15}},"29":{"start":{"line":62,"column":4},"end":{"line":62,"column":25}},"30":{"start":{"line":63,"column":16},"end":{"line":63,"column":21}},"31":{"start":{"line":64,"column":4},"end":{"line":64,"column":40}},"32":{"start":{"line":67,"column":2},"end":{"line":78,"column":3}},"33":{"start":{"line":68,"column":18},"end":{"line":71,"column":5}},"34":{"start":{"line":72,"column":4},"end":{"line":72,"column":40}},"35":{"start":{"line":74,"column":4},"end":{"line":74,"column":64}},"36":{"start":{"line":76,"column":4},"end":{"line":76,"column":58}},"37":{"start":{"line":77,"column":4},"end":{"line":77,"column":77}},"38":{"start":{"line":83,"column":0},"end":{"line":90,"column":3}},"39":{"start":{"line":84,"column":2},"end":{"line":89,"column":3}},"40":{"start":{"line":85,"column":17},"end":{"line":85,"column":64}},"41":{"start":{"line":86,"column":4},"end":{"line":86,"column":24}},"42":{"start":{"line":88,"column":4},"end":{"line":88,"column":71}},"43":{"start":{"line":92,"column":0},"end":{"line":106,"column":5}},"44":{"start":{"line":93,"column":4},"end":{"line":105,"column":5}},"45":{"start":{"line":94,"column":24},"end":{"line":94,"column":84}},"46":{"start":{"line":95,"column":6},"end":{"line":97,"column":7}},"47":{"start":{"line":96,"column":8},"end":{"line":96,"column":90}},"48":{"start":{"line":99,"column":20},"end":{"line":99,"column":70}},"49":{"start":{"line":100,"column":21},"end":{"line":100,"column":32}},"50":{"start":{"line":101,"column":19},"end":{"line":101,"column":54}},"51":{"start":{"line":102,"column":6},"end":{"line":102,"column":26}},"52":{"start":{"line":104,"column":6},"end":{"line":104,"column":73}},"53":{"start":{"line":108,"column":0},"end":{"line":126,"column":5}},"54":{"start":{"line":109,"column":4},"end":{"line":125,"column":5}},"55":{"start":{"line":110,"column":23},"end":{"line":110,"column":83}},"56":{"start":{"line":111,"column":6},"end":{"line":113,"column":7}},"57":{"start":{"line":112,"column":8},"end":{"line":112,"column":90}},"58":{"start":{"line":115,"column":20},"end":{"line":119,"column":47}},"59":{"start":{"line":120,"column":21},"end":{"line":120,"column":31}},"60":{"start":{"line":121,"column":19},"end":{"line":121,"column":54}},"61":{"start":{"line":122,"column":6},"end":{"line":122,"column":26}},"62":{"start":{"line":124,"column":6},"end":{"line":124,"column":73}},"63":{"start":{"line":128,"column":0},"end":{"line":141,"column":3}},"64":{"start":{"line":129,"column":19},"end":{"line":129,"column":27}},"65":{"start":{"line":130,"column":2},"end":{"line":131,"column":3}},"66":{"start":{"line":130,"column":18},"end":{"line":130,"column":71}},"67":{"start":{"line":132,"column":2},"end":{"line":140,"column":3}},"68":{"start":{"line":133,"column":19},"end":{"line":136,"column":5}},"69":{"start":{"line":137,"column":4},"end":{"line":137,"column":96}},"70":{"start":{"line":139,"column":4},"end":{"line":139,"column":72}},"71":{"start":{"line":143,"column":0},"end":{"line":187,"column":3}},"72":{"start":{"line":144,"column":21},"end":{"line":144,"column":29}},"73":{"start":{"line":146,"column":2},"end":{"line":148,"column":3}},"74":{"start":{"line":147,"column":4},"end":{"line":147,"column":79}},"75":{"start":{"line":150,"column":2},"end":{"line":186,"column":3}},"76":{"start":{"line":152,"column":19},"end":{"line":154,"column":32}},"77":{"start":{"line":156,"column":4},"end":{"line":158,"column":5}},"78":{"start":{"line":157,"column":6},"end":{"line":157,"column":89}},"79":{"start":{"line":159,"column":19},"end":{"line":176,"column":6}},"80":{"start":{"line":178,"column":4},"end":{"line":180,"column":5}},"81":{"start":{"line":179,"column":6},"end":{"line":179,"column":79}},"82":{"start":{"line":182,"column":4},"end":{"line":182,"column":92}},"83":{"start":{"line":184,"column":4},"end":{"line":184,"column":64}},"84":{"start":{"line":185,"column":4},"end":{"line":185,"column":83}},"85":{"start":{"line":189,"column":0},"end":{"line":207,"column":3}},"86":{"start":{"line":190,"column":21},"end":{"line":190,"column":29}},"87":{"start":{"line":191,"column":14},"end":{"line":191,"column":17}},"88":{"start":{"line":192,"column":2},"end":{"line":206,"column":3}},"89":{"start":{"line":193,"column":17},"end":{"line":200,"column":6}},"90":{"start":{"line":202,"column":4},"end":{"line":202,"column":75}},"91":{"start":{"line":204,"column":4},"end":{"line":204,"column":25}},"92":{"start":{"line":205,"column":4},"end":{"line":205,"column":67}},"93":{"start":{"line":209,"column":0},"end":{"line":222,"column":3}},"94":{"start":{"line":210,"column":2},"end":{"line":221,"column":3}},"95":{"start":{"line":211,"column":15},"end":{"line":211,"column":16}},"96":{"start":{"line":212,"column":19},"end":{"line":212,"column":35}},"97":{"start":{"line":214,"column":18},"end":{"line":214,"column":88}},"98":{"start":{"line":215,"column":19},"end":{"line":215,"column":31}},"99":{"start":{"line":217,"column":17},"end":{"line":217,"column":52}},"100":{"start":{"line":218,"column":4},"end":{"line":218,"column":19}},"101":{"start":{"line":220,"column":4},"end":{"line":220,"column":71}},"102":{"start":{"line":225,"column":0},"end":{"line":225,"column":24}}},"fnMap":{"0":{"name":"(anonymous_0)","decl":{"start":{"line":8,"column":22},"end":{"line":8,"column":23}},"loc":{"start":{"line":8,"column":42},"end":{"line":18,"column":1}},"line":8},"1":{"name":"(anonymous_1)","decl":{"start":{"line":20,"column":21},"end":{"line":20,"column":22}},"loc":{"start":{"line":20,"column":41},"end":{"line":51,"column":1}},"line":20},"2":{"name":"(anonymous_2)","decl":{"start":{"line":53,"column":31},"end":{"line":53,"column":32}},"loc":{"start":{"line":53,"column":51},"end":{"line":79,"column":1}},"line":53},"3":{"name":"(anonymous_3)","decl":{"start":{"line":61,"column":33},"end":{"line":61,"column":34}},"loc":{"start":{"line":61,"column":46},"end":{"line":65,"column":3}},"line":61},"4":{"name":"(anonymous_4)","decl":{"start":{"line":83,"column":25},"end":{"line":83,"column":26}},"loc":{"start":{"line":83,"column":45},"end":{"line":90,"column":1}},"line":83},"5":{"name":"(anonymous_5)","decl":{"start":{"line":92,"column":26},"end":{"line":92,"column":27}},"loc":{"start":{"line":92,"column":46},"end":{"line":106,"column":3}},"line":92},"6":{"name":"(anonymous_6)","decl":{"start":{"line":108,"column":31},"end":{"line":108,"column":32}},"loc":{"start":{"line":108,"column":51},"end":{"line":126,"column":3}},"line":108},"7":{"name":"(anonymous_7)","decl":{"start":{"line":128,"column":35},"end":{"line":128,"column":36}},"loc":{"start":{"line":128,"column":55},"end":{"line":141,"column":1}},"line":128},"8":{"name":"(anonymous_8)","decl":{"start":{"line":143,"column":28},"end":{"line":143,"column":29}},"loc":{"start":{"line":143,"column":48},"end":{"line":187,"column":1}},"line":143},"9":{"name":"(anonymous_9)","decl":{"start":{"line":189,"column":26},"end":{"line":189,"column":27}},"loc":{"start":{"line":189,"column":46},"end":{"line":207,"column":1}},"line":189},"10":{"name":"(anonymous_10)","decl":{"start":{"line":209,"column":22},"end":{"line":209,"column":23}},"loc":{"start":{"line":209,"column":42},"end":{"line":222,"column":1}},"line":209}},"branchMap":{"0":{"loc":{"start":{"line":28,"column":4},"end":{"line":30,"column":5}},"type":"if","locations":[{"start":{"line":28,"column":4},"end":{"line":30,"column":5}},{"start":{},"end":{}}],"line":28},"1":{"loc":{"start":{"line":56,"column":2},"end":{"line":58,"column":3}},"type":"if","locations":[{"start":{"line":56,"column":2},"end":{"line":58,"column":3}},{"start":{},"end":{}}],"line":56},"2":{"loc":{"start":{"line":56,"column":6},"end":{"line":56,"column":49}},"type":"binary-expr","locations":[{"start":{"line":56,"column":6},"end":{"line":56,"column":27}},{"start":{"line":56,"column":31},"end":{"line":56,"column":49}}],"line":56},"3":{"loc":{"start":{"line":94,"column":24},"end":{"line":94,"column":84}},"type":"cond-expr","locations":[{"start":{"line":94,"column":54},"end":{"line":94,"column":69}},{"start":{"line":94,"column":72},"end":{"line":94,"column":84}}],"line":94},"4":{"loc":{"start":{"line":95,"column":6},"end":{"line":97,"column":7}},"type":"if","locations":[{"start":{"line":95,"column":6},"end":{"line":97,"column":7}},{"start":{},"end":{}}],"line":95},"5":{"loc":{"start":{"line":110,"column":23},"end":{"line":110,"column":83}},"type":"cond-expr","locations":[{"start":{"line":110,"column":53},"end":{"line":110,"column":68}},{"start":{"line":110,"column":71},"end":{"line":110,"column":83}}],"line":110},"6":{"loc":{"start":{"line":111,"column":6},"end":{"line":113,"column":7}},"type":"if","locations":[{"start":{"line":111,"column":6},"end":{"line":113,"column":7}},{"start":{},"end":{}}],"line":111},"7":{"loc":{"start":{"line":130,"column":2},"end":{"line":131,"column":3}},"type":"if","locations":[{"start":{"line":130,"column":2},"end":{"line":131,"column":3}},{"start":{},"end":{}}],"line":130},"8":{"loc":{"start":{"line":146,"column":2},"end":{"line":148,"column":3}},"type":"if","locations":[{"start":{"line":146,"column":2},"end":{"line":148,"column":3}},{"start":{},"end":{}}],"line":146},"9":{"loc":{"start":{"line":156,"column":4},"end":{"line":158,"column":5}},"type":"if","locations":[{"start":{"line":156,"column":4},"end":{"line":158,"column":5}},{"start":{},"end":{}}],"line":156},"10":{"loc":{"start":{"line":178,"column":4},"end":{"line":180,"column":5}},"type":"if","locations":[{"start":{"line":178,"column":4},"end":{"line":180,"column":5}},{"start":{},"end":{}}],"line":178}},"s":{"0":4,"1":4,"2":4,"3":4,"4":4,"5":4,"6":1,"7":1,"8":1,"9":1,"10":1,"11":1,"12":0,"13":4,"14":2,"15":2,"16":2,"17":2,"18":1,"19":1,"20":1,"21":0,"22":0,"23":4,"24":2,"25":2,"26":1,"27":1,"28":1,"29":3,"30":3,"31":3,"32":1,"33":1,"34":1,"35":1,"36":0,"37":0,"38":4,"39":1,"40":1,"41":1,"42":0,"43":4,"44":2,"45":2,"46":2,"47":1,"48":1,"49":1,"50":1,"51":1,"52":0,"53":4,"54":2,"55":2,"56":2,"57":1,"58":1,"59":1,"60":1,"61":1,"62":0,"63":4,"64":1,"65":1,"66":0,"67":1,"68":1,"69":1,"70":0,"71":4,"72":3,"73":3,"74":1,"75":2,"76":2,"77":2,"78":0,"79":2,"80":2,"81":1,"82":1,"83":0,"84":0,"85":4,"86":1,"87":1,"88":1,"89":1,"90":1,"91":0,"92":0,"93":4,"94":1,"95":1,"96":1,"97":1,"98":1,"99":1,"100":1,"101":0,"102":4},"f":{"0":1,"1":2,"2":2,"3":3,"4":1,"5":2,"6":2,"7":1,"8":3,"9":1,"10":1},"b":{"0":[1,1],"1":[1,1],"2":[2,2],"3":[0,2],"4":[1,1],"5":[0,2],"6":[1,1],"7":[0,1],"8":[1,2],"9":[0,2],"10":[1,1]},"_coverageSchema":"1a1c01bbd47fc00a2c39e90264f33305004495a9","hash":"9f177211f58562f15dda3b6b2715f4208f5bce6b"}
,"C:\\Users\\Betsabe\\Desktop\\ProyectoGestion\\Gestion-Seguros\\backend\\src\\routes\\usuarios.routes.js": {"path":"C:\\Users\\Betsabe\\Desktop\\ProyectoGestion\\Gestion-Seguros\\backend\\src\\routes\\usuarios.routes.js","statementMap":{"0":{"start":{"line":1,"column":19},"end":{"line":1,"column":37}},"1":{"start":{"line":2,"column":21},"end":{"line":2,"column":46}},"2":{"start":{"line":3,"column":11},"end":{"line":3,"column":34}},"3":{"start":{"line":5,"column":15},"end":{"line":5,"column":23}},"4":{"start":{"line":6,"column":11},"end":{"line":6,"column":25}},"5":{"start":{"line":7,"column":17},"end":{"line":7,"column":33}},"6":{"start":{"line":9,"column":0},"end":{"line":12,"column":3}},"7":{"start":{"line":10,"column":15},"end":{"line":10,"column":61}},"8":{"start":{"line":11,"column":2},"end":{"line":11,"column":17}},"9":{"start":{"line":14,"column":0},"end":{"line":41,"column":3}},"10":{"start":{"line":15,"column":2},"end":{"line":40,"column":3}},"11":{"start":{"line":16,"column":23},"end":{"line":16,"column":31}},"12":{"start":{"line":17,"column":20},"end":{"line":17,"column":89}},"13":{"start":{"line":18,"column":21},"end":{"line":18,"column":90}},"14":{"start":{"line":20,"column":19},"end":{"line":23,"column":5}},"15":{"start":{"line":25,"column":4},"end":{"line":36,"column":5}},"16":{"start":{"line":27,"column":20},"end":{"line":27,"column":49}},"17":{"start":{"line":28,"column":6},"end":{"line":31,"column":8}},"18":{"start":{"line":29,"column":8},"end":{"line":29,"column":71}},"19":{"start":{"line":34,"column":6},"end":{"line":34,"column":72}},"20":{"start":{"line":38,"column":4},"end":{"line":38,"column":47}},"21":{"start":{"line":39,"column":4},"end":{"line":39,"column":72}},"22":{"start":{"line":43,"column":0},"end":{"line":71,"column":3}},"23":{"start":{"line":44,"column":2},"end":{"line":69,"column":3}},"24":{"start":{"line":45,"column":17},"end":{"line":45,"column":20}},"25":{"start":{"line":46,"column":27},"end":{"line":46,"column":35}},"26":{"start":{"line":48,"column":4},"end":{"line":50,"column":5}},"27":{"start":{"line":49,"column":6},"end":{"line":49,"column":93}},"28":{"start":{"line":52,"column":18},"end":{"line":56,"column":5}},"29":{"start":{"line":57,"column":19},"end":{"line":57,"column":39}},"30":{"start":{"line":59,"column":19},"end":{"line":59,"column":54}},"31":{"start":{"line":61,"column":4},"end":{"line":65,"column":7}},"32":{"start":{"line":67,"column":4},"end":{"line":67,"column":52}},"33":{"start":{"line":68,"column":4},"end":{"line":68,"column":84}},"34":{"start":{"line":73,"column":0},"end":{"line":90,"column":3}},"35":{"start":{"line":75,"column":2},"end":{"line":89,"column":3}},"36":{"start":{"line":76,"column":29},"end":{"line":76,"column":37}},"37":{"start":{"line":77,"column":20},"end":{"line":77,"column":31}},"38":{"start":{"line":78,"column":18},"end":{"line":78,"column":72}},"39":{"start":{"line":80,"column":4},"end":{"line":83,"column":6}},"40":{"start":{"line":85,"column":4},"end":{"line":85,"column":89}},"41":{"start":{"line":87,"column":4},"end":{"line":87,"column":59}},"42":{"start":{"line":88,"column":4},"end":{"line":88,"column":76}},"43":{"start":{"line":95,"column":0},"end":{"line":95,"column":24}}},"fnMap":{"0":{"name":"(anonymous_0)","decl":{"start":{"line":9,"column":21},"end":{"line":9,"column":22}},"loc":{"start":{"line":9,"column":41},"end":{"line":12,"column":1}},"line":9},"1":{"name":"(anonymous_1)","decl":{"start":{"line":14,"column":24},"end":{"line":14,"column":25}},"loc":{"start":{"line":14,"column":44},"end":{"line":41,"column":1}},"line":14},"2":{"name":"(anonymous_2)","decl":{"start":{"line":28,"column":57},"end":{"line":28,"column":58}},"loc":{"start":{"line":28,"column":70},"end":{"line":31,"column":7}},"line":28},"3":{"name":"(anonymous_3)","decl":{"start":{"line":43,"column":36},"end":{"line":43,"column":37}},"loc":{"start":{"line":43,"column":56},"end":{"line":71,"column":1}},"line":43},"4":{"name":"(anonymous_4)","decl":{"start":{"line":73,"column":36},"end":{"line":73,"column":37}},"loc":{"start":{"line":73,"column":56},"end":{"line":90,"column":1}},"line":73}},"branchMap":{"0":{"loc":{"start":{"line":17,"column":20},"end":{"line":17,"column":89}},"type":"cond-expr","locations":[{"start":{"line":17,"column":53},"end":{"line":17,"column":71}},{"start":{"line":17,"column":74},"end":{"line":17,"column":89}}],"line":17},"1":{"loc":{"start":{"line":18,"column":21},"end":{"line":18,"column":90}},"type":"cond-expr","locations":[{"start":{"line":18,"column":54},"end":{"line":18,"column":72}},{"start":{"line":18,"column":75},"end":{"line":18,"column":90}}],"line":18},"2":{"loc":{"start":{"line":25,"column":4},"end":{"line":36,"column":5}},"type":"if","locations":[{"start":{"line":25,"column":4},"end":{"line":36,"column":5}},{"start":{"line":33,"column":11},"end":{"line":36,"column":5}}],"line":25},"3":{"loc":{"start":{"line":48,"column":4},"end":{"line":50,"column":5}},"type":"if","locations":[{"start":{"line":48,"column":4},"end":{"line":50,"column":5}},{"start":{},"end":{}}],"line":48},"4":{"loc":{"start":{"line":48,"column":8},"end":{"line":48,"column":33}},"type":"binary-expr","locations":[{"start":{"line":48,"column":8},"end":{"line":48,"column":13}},{"start":{"line":48,"column":17},"end":{"line":48,"column":22}},{"start":{"line":48,"column":26},"end":{"line":48,"column":33}}],"line":48}},"s":{"0":3,"1":3,"2":3,"3":3,"4":3,"5":3,"6":3,"7":2,"8":2,"9":3,"10":8,"11":8,"12":8,"13":8,"14":8,"15":8,"16":3,"17":3,"18":3,"19":5,"20":0,"21":0,"22":3,"23":0,"24":0,"25":0,"26":0,"27":0,"28":0,"29":0,"30":0,"31":0,"32":0,"33":0,"34":3,"35":0,"36":0,"37":0,"38":0,"39":0,"40":0,"41":0,"42":0,"43":3},"f":{"0":2,"1":8,"2":3,"3":0,"4":0},"b":{"0":[1,7],"1":[1,7],"2":[3,5],"3":[0,0],"4":[0,0,0]},"_coverageSchema":"1a1c01bbd47fc00a2c39e90264f33305004495a9","hash":"c86f56d25785abaf0251595955e5715da773ccf4"}
}
