{"C:\\Users\\Kevin\\Desktop\\Gestión de pruebas e implantación de Software\\Parcial 2\\SonarQube\\Gestion-Seguros\\backend\\middlewares\\authMiddleware.js": {"path":"C:\\Users\\Kevin\\Desktop\\Gestión de pruebas e implantación de Software\\Parcial 2\\SonarQube\\Gestion-Seguros\\backend\\middlewares\\authMiddleware.js","statementMap":{"0":{"start":{"line":1,"column":12},"end":{"line":1,"column":35}},"1":{"start":{"line":2,"column":0},"end":{"line":2,"column":27}},"2":{"start":{"line":4,"column":15},"end":{"line":4,"column":37}},"3":{"start":{"line":7,"column":21},"end":{"line":7,"column":46}},"4":{"start":{"line":9,"column":2},"end":{"line":11,"column":3}},"5":{"start":{"line":10,"column":4},"end":{"line":10,"column":75}},"6":{"start":{"line":13,"column":16},"end":{"line":13,"column":40}},"7":{"start":{"line":15,"column":2},"end":{"line":21,"column":3}},"8":{"start":{"line":16,"column":20},"end":{"line":16,"column":45}},"9":{"start":{"line":17,"column":4},"end":{"line":17,"column":23}},"10":{"start":{"line":18,"column":4},"end":{"line":18,"column":11}},"11":{"start":{"line":20,"column":4},"end":{"line":20,"column":78}},"12":{"start":{"line":24,"column":0},"end":{"line":24,"column":32}}},"fnMap":{"0":{"name":"authMiddleware","decl":{"start":{"line":6,"column":9},"end":{"line":6,"column":23}},"loc":{"start":{"line":6,"column":40},"end":{"line":22,"column":1}},"line":6}},"branchMap":{"0":{"loc":{"start":{"line":9,"column":2},"end":{"line":11,"column":3}},"type":"if","locations":[{"start":{"line":9,"column":2},"end":{"line":11,"column":3}},{"start":{},"end":{}}],"line":9},"1":{"loc":{"start":{"line":9,"column":6},"end":{"line":9,"column":54}},"type":"binary-expr","locations":[{"start":{"line":9,"column":6},"end":{"line":9,"column":17}},{"start":{"line":9,"column":21},"end":{"line":9,"column":54}}],"line":9}},"s":{"0":2,"1":2,"2":2,"3":0,"4":0,"5":0,"6":0,"7":0,"8":0,"9":0,"10":0,"11":0,"12":2},"f":{"0":0},"b":{"0":[0,0],"1":[0,0]},"_coverageSchema":"1a1c01bbd47fc00a2c39e90264f33305004495a9","hash":"0300a72443fc2913bd71892c7608a27e6aa5d7dc"}
,"C:\\Users\\Kevin\\Desktop\\Gestión de pruebas e implantación de Software\\Parcial 2\\SonarQube\\Gestion-Seguros\\backend\\src\\config.js": {"path":"C:\\Users\\Kevin\\Desktop\\Gestión de pruebas e implantación de Software\\Parcial 2\\SonarQube\\Gestion-Seguros\\backend\\src\\config.js","statementMap":{"0":{"start":{"line":1,"column":22},"end":{"line":1,"column":46}}},"fnMap":{},"branchMap":{"0":{"loc":{"start":{"line":1,"column":22},"end":{"line":1,"column":46}},"type":"binary-expr","locations":[{"start":{"line":1,"column":22},"end":{"line":1,"column":38}},{"start":{"line":1,"column":42},"end":{"line":1,"column":46}}],"line":1}},"s":{"0":2},"f":{},"b":{"0":[2,2]},"_coverageSchema":"1a1c01bbd47fc00a2c39e90264f33305004495a9","hash":"5ed8c6c31eb18ff95039fc99eaa2378ef74de905"}
,"C:\\Users\\Kevin\\Desktop\\Gestión de pruebas e implantación de Software\\Parcial 2\\SonarQube\\Gestion-Seguros\\backend\\src\\database.js": {"path":"C:\\Users\\Kevin\\Desktop\\Gestión de pruebas e implantación de Software\\Parcial 2\\SonarQube\\Gestion-Seguros\\backend\\src\\database.js","statementMap":{"0":{"start":{"line":2,"column":19},"end":{"line":2,"column":22}},"1":{"start":{"line":7,"column":4},"end":{"line":9,"column":5}},"2":{"start":{"line":8,"column":6},"end":{"line":8,"column":32}},"3":{"start":{"line":11,"column":4},"end":{"line":20,"column":7}},"4":{"start":{"line":22,"column":4},"end":{"line":22,"column":20}},"5":{"start":{"line":23,"column":4},"end":{"line":23,"column":28}},"6":{"start":{"line":26,"column":4},"end":{"line":31,"column":5}},"7":{"start":{"line":27,"column":6},"end":{"line":27,"column":34}},"8":{"start":{"line":28,"column":6},"end":{"line":28,"column":60}},"9":{"start":{"line":30,"column":6},"end":{"line":30,"column":64}},"10":{"start":{"line":35,"column":2},"end":{"line":35,"column":21}}},"fnMap":{"0":{"name":"(anonymous_0)","decl":{"start":{"line":6,"column":2},"end":{"line":6,"column":3}},"loc":{"start":{"line":6,"column":16},"end":{"line":24,"column":3}},"line":6},"1":{"name":"(anonymous_1)","decl":{"start":{"line":34,"column":1},"end":{"line":34,"column":2}},"loc":{"start":{"line":34,"column":15},"end":{"line":36,"column":1}},"line":34}},"branchMap":{"0":{"loc":{"start":{"line":7,"column":4},"end":{"line":9,"column":5}},"type":"if","locations":[{"start":{"line":7,"column":4},"end":{"line":9,"column":5}},{"start":{},"end":{}}],"line":7}},"s":{"0":2,"1":14,"2":12,"3":2,"4":2,"5":2,"6":2,"7":2,"8":2,"9":0,"10":14},"f":{"0":14,"1":14},"b":{"0":[12,2]},"_coverageSchema":"1a1c01bbd47fc00a2c39e90264f33305004495a9","hash":"1c6946c0c32c172e8892cccb25b6774ea51751b1"}
,"C:\\Users\\Kevin\\Desktop\\Gestión de pruebas e implantación de Software\\Parcial 2\\SonarQube\\Gestion-Seguros\\backend\\src\\index.js": {"path":"C:\\Users\\Kevin\\Desktop\\Gestión de pruebas e implantación de Software\\Parcial 2\\SonarQube\\Gestion-Seguros\\backend\\src\\index.js","statementMap":{"0":{"start":{"line":1,"column":16},"end":{"line":1,"column":34}},"1":{"start":{"line":2,"column":19},"end":{"line":2,"column":41}},"2":{"start":{"line":3,"column":13},"end":{"line":3,"column":28}},"3":{"start":{"line":4,"column":23},"end":{"line":4,"column":66}},"4":{"start":{"line":5,"column":22},"end":{"line":5,"column":60}},"5":{"start":{"line":6,"column":22},"end":{"line":6,"column":60}},"6":{"start":{"line":7,"column":25},"end":{"line":7,"column":66}},"7":{"start":{"line":8,"column":20},"end":{"line":8,"column":57}},"8":{"start":{"line":9,"column":29},"end":{"line":9,"column":68}},"9":{"start":{"line":10,"column":23},"end":{"line":10,"column":62}},"10":{"start":{"line":11,"column":19},"end":{"line":11,"column":54}},"11":{"start":{"line":14,"column":12},"end":{"line":14,"column":21}},"12":{"start":{"line":15,"column":0},"end":{"line":15,"column":16}},"13":{"start":{"line":16,"column":0},"end":{"line":16,"column":24}},"14":{"start":{"line":17,"column":0},"end":{"line":17,"column":32}},"15":{"start":{"line":20,"column":0},"end":{"line":20,"column":34}},"16":{"start":{"line":21,"column":0},"end":{"line":21,"column":40}},"17":{"start":{"line":22,"column":0},"end":{"line":22,"column":32}},"18":{"start":{"line":23,"column":0},"end":{"line":23,"column":45}},"19":{"start":{"line":24,"column":0},"end":{"line":24,"column":37}},"20":{"start":{"line":25,"column":0},"end":{"line":25,"column":30}},"21":{"start":{"line":28,"column":0},"end":{"line":28,"column":21}},"22":{"start":{"line":31,"column":0},"end":{"line":35,"column":1}},"23":{"start":{"line":32,"column":2},"end":{"line":34,"column":5}},"24":{"start":{"line":33,"column":4},"end":{"line":33,"column":69}}},"fnMap":{"0":{"name":"(anonymous_0)","decl":{"start":{"line":32,"column":21},"end":{"line":32,"column":22}},"loc":{"start":{"line":32,"column":27},"end":{"line":34,"column":3}},"line":32}},"branchMap":{"0":{"loc":{"start":{"line":31,"column":0},"end":{"line":35,"column":1}},"type":"if","locations":[{"start":{"line":31,"column":0},"end":{"line":35,"column":1}},{"start":{},"end":{}}],"line":31}},"s":{"0":2,"1":2,"2":2,"3":2,"4":2,"5":2,"6":2,"7":2,"8":2,"9":2,"10":2,"11":2,"12":2,"13":2,"14":2,"15":2,"16":2,"17":2,"18":2,"19":2,"20":2,"21":2,"22":2,"23":0,"24":0},"f":{"0":0},"b":{"0":[0,2]},"_coverageSchema":"1a1c01bbd47fc00a2c39e90264f33305004495a9","hash":"5fbdac2d646e42e1d57d7def25ca77a9a919222a"}
,"C:\\Users\\Kevin\\Desktop\\Gestión de pruebas e implantación de Software\\Parcial 2\\SonarQube\\Gestion-Seguros\\backend\\src\\routes\\clientes.routes.js": {"path":"C:\\Users\\Kevin\\Desktop\\Gestión de pruebas e implantación de Software\\Parcial 2\\SonarQube\\Gestion-Seguros\\backend\\src\\routes\\clientes.routes.js","statementMap":{"0":{"start":{"line":1,"column":19},"end":{"line":1,"column":37}},"1":{"start":{"line":2,"column":21},"end":{"line":2,"column":46}},"2":{"start":{"line":3,"column":12},"end":{"line":3,"column":35}},"3":{"start":{"line":4,"column":15},"end":{"line":4,"column":23}},"4":{"start":{"line":5,"column":11},"end":{"line":5,"column":25}},"5":{"start":{"line":6,"column":17},"end":{"line":6,"column":33}},"6":{"start":{"line":10,"column":22},"end":{"line":10,"column":25}},"7":{"start":{"line":11,"column":24},"end":{"line":11,"column":27}},"8":{"start":{"line":14,"column":0},"end":{"line":23,"column":3}},"9":{"start":{"line":15,"column":2},"end":{"line":22,"column":3}},"10":{"start":{"line":16,"column":18},"end":{"line":16,"column":62}},"11":{"start":{"line":17,"column":17},"end":{"line":17,"column":61}},"12":{"start":{"line":18,"column":4},"end":{"line":18,"column":19}},"13":{"start":{"line":20,"column":4},"end":{"line":20,"column":47}},"14":{"start":{"line":21,"column":4},"end":{"line":21,"column":102}},"15":{"start":{"line":26,"column":0},"end":{"line":95,"column":3}},"16":{"start":{"line":27,"column":21},"end":{"line":27,"column":29}},"17":{"start":{"line":28,"column":15},"end":{"line":28,"column":18}},"18":{"start":{"line":31,"column":2},"end":{"line":94,"column":3}},"19":{"start":{"line":32,"column":20},"end":{"line":34,"column":29}},"20":{"start":{"line":36,"column":4},"end":{"line":38,"column":5}},"21":{"start":{"line":37,"column":6},"end":{"line":37,"column":89}},"22":{"start":{"line":40,"column":17},"end":{"line":73,"column":6}},"23":{"start":{"line":75,"column":24},"end":{"line":75,"column":44}},"24":{"start":{"line":76,"column":4},"end":{"line":76,"column":81}},"25":{"start":{"line":79,"column":4},"end":{"line":79,"column":25}},"26":{"start":{"line":81,"column":4},"end":{"line":87,"column":5}},"27":{"start":{"line":82,"column":6},"end":{"line":86,"column":9}},"28":{"start":{"line":89,"column":4},"end":{"line":93,"column":7}},"29":{"start":{"line":97,"column":0},"end":{"line":128,"column":3}},"30":{"start":{"line":98,"column":35},"end":{"line":98,"column":43}},"31":{"start":{"line":100,"column":2},"end":{"line":127,"column":3}},"32":{"start":{"line":101,"column":22},"end":{"line":111,"column":5}},"33":{"start":{"line":113,"column":4},"end":{"line":120,"column":5}},"34":{"start":{"line":114,"column":19},"end":{"line":114,"column":41}},"35":{"start":{"line":116,"column":8},"end":{"line":118,"column":42}},"36":{"start":{"line":119,"column":6},"end":{"line":119,"column":56}},"37":{"start":{"line":122,"column":4},"end":{"line":122,"column":66}},"38":{"start":{"line":125,"column":4},"end":{"line":125,"column":61}},"39":{"start":{"line":126,"column":4},"end":{"line":126,"column":68}},"40":{"start":{"line":130,"column":0},"end":{"line":208,"column":3}},"41":{"start":{"line":131,"column":21},"end":{"line":131,"column":29}},"42":{"start":{"line":132,"column":2},"end":{"line":207,"column":3}},"43":{"start":{"line":134,"column":4},"end":{"line":139,"column":5}},"44":{"start":{"line":135,"column":6},"end":{"line":138,"column":9}},"45":{"start":{"line":141,"column":17},"end":{"line":185,"column":6}},"46":{"start":{"line":188,"column":4},"end":{"line":193,"column":5}},"47":{"start":{"line":189,"column":6},"end":{"line":192,"column":9}},"48":{"start":{"line":195,"column":4},"end":{"line":199,"column":7}},"49":{"start":{"line":201,"column":4},"end":{"line":201,"column":25}},"50":{"start":{"line":202,"column":4},"end":{"line":206,"column":7}},"51":{"start":{"line":211,"column":0},"end":{"line":254,"column":3}},"52":{"start":{"line":212,"column":21},"end":{"line":212,"column":29}},"53":{"start":{"line":214,"column":2},"end":{"line":253,"column":3}},"54":{"start":{"line":216,"column":4},"end":{"line":221,"column":5}},"55":{"start":{"line":217,"column":6},"end":{"line":220,"column":9}},"56":{"start":{"line":223,"column":17},"end":{"line":231,"column":6}},"57":{"start":{"line":234,"column":4},"end":{"line":239,"column":5}},"58":{"start":{"line":235,"column":6},"end":{"line":238,"column":9}},"59":{"start":{"line":241,"column":4},"end":{"line":245,"column":7}},"60":{"start":{"line":247,"column":4},"end":{"line":247,"column":25}},"61":{"start":{"line":248,"column":4},"end":{"line":252,"column":7}},"62":{"start":{"line":256,"column":0},"end":{"line":270,"column":3}},"63":{"start":{"line":257,"column":16},"end":{"line":257,"column":76}},"64":{"start":{"line":258,"column":2},"end":{"line":269,"column":3}},"65":{"start":{"line":259,"column":18},"end":{"line":259,"column":61}},"66":{"start":{"line":260,"column":17},"end":{"line":260,"column":53}},"67":{"start":{"line":262,"column":4},"end":{"line":264,"column":5}},"68":{"start":{"line":263,"column":6},"end":{"line":263,"column":72}},"69":{"start":{"line":265,"column":4},"end":{"line":265,"column":27}},"70":{"start":{"line":267,"column":4},"end":{"line":267,"column":47}},"71":{"start":{"line":268,"column":4},"end":{"line":268,"column":71}},"72":{"start":{"line":272,"column":0},"end":{"line":307,"column":3}},"73":{"start":{"line":273,"column":18},"end":{"line":273,"column":26}},"74":{"start":{"line":275,"column":2},"end":{"line":306,"column":3}},"75":{"start":{"line":277,"column":19},"end":{"line":280,"column":5}},"76":{"start":{"line":282,"column":4},"end":{"line":284,"column":5}},"77":{"start":{"line":283,"column":6},"end":{"line":283,"column":85}},"78":{"start":{"line":286,"column":18},"end":{"line":286,"column":48}},"79":{"start":{"line":290,"column":4},"end":{"line":294,"column":5}},"80":{"start":{"line":291,"column":6},"end":{"line":291,"column":50}},"81":{"start":{"line":293,"column":6},"end":{"line":293,"column":93}},"82":{"start":{"line":296,"column":4},"end":{"line":301,"column":7}},"83":{"start":{"line":304,"column":4},"end":{"line":304,"column":52}},"84":{"start":{"line":305,"column":4},"end":{"line":305,"column":85}},"85":{"start":{"line":309,"column":0},"end":{"line":320,"column":3}},"86":{"start":{"line":310,"column":17},"end":{"line":310,"column":77}},"87":{"start":{"line":312,"column":2},"end":{"line":319,"column":3}},"88":{"start":{"line":313,"column":18},"end":{"line":313,"column":60}},"89":{"start":{"line":314,"column":17},"end":{"line":314,"column":50}},"90":{"start":{"line":315,"column":4},"end":{"line":315,"column":24}},"91":{"start":{"line":317,"column":4},"end":{"line":317,"column":47}},"92":{"start":{"line":318,"column":4},"end":{"line":318,"column":102}},"93":{"start":{"line":322,"column":0},"end":{"line":351,"column":3}},"94":{"start":{"line":323,"column":26},"end":{"line":323,"column":34}},"95":{"start":{"line":324,"column":23},"end":{"line":324,"column":26}},"96":{"start":{"line":326,"column":2},"end":{"line":328,"column":3}},"97":{"start":{"line":327,"column":4},"end":{"line":327,"column":86}},"98":{"start":{"line":329,"column":2},"end":{"line":350,"column":3}},"99":{"start":{"line":330,"column":25},"end":{"line":334,"column":26}},"100":{"start":{"line":336,"column":4},"end":{"line":338,"column":5}},"101":{"start":{"line":337,"column":6},"end":{"line":337,"column":71}},"102":{"start":{"line":340,"column":4},"end":{"line":343,"column":6}},"103":{"start":{"line":345,"column":4},"end":{"line":345,"column":80}},"104":{"start":{"line":348,"column":4},"end":{"line":348,"column":53}},"105":{"start":{"line":349,"column":4},"end":{"line":349,"column":76}},"106":{"start":{"line":356,"column":0},"end":{"line":356,"column":24}}},"fnMap":{"0":{"name":"(anonymous_0)","decl":{"start":{"line":14,"column":22},"end":{"line":14,"column":23}},"loc":{"start":{"line":14,"column":42},"end":{"line":23,"column":1}},"line":14},"1":{"name":"(anonymous_1)","decl":{"start":{"line":26,"column":21},"end":{"line":26,"column":22}},"loc":{"start":{"line":26,"column":41},"end":{"line":95,"column":1}},"line":26},"2":{"name":"(anonymous_2)","decl":{"start":{"line":97,"column":36},"end":{"line":97,"column":37}},"loc":{"start":{"line":97,"column":56},"end":{"line":128,"column":1}},"line":97},"3":{"name":"(anonymous_3)","decl":{"start":{"line":130,"column":22},"end":{"line":130,"column":23}},"loc":{"start":{"line":130,"column":42},"end":{"line":208,"column":1}},"line":130},"4":{"name":"(anonymous_4)","decl":{"start":{"line":211,"column":26},"end":{"line":211,"column":27}},"loc":{"start":{"line":211,"column":46},"end":{"line":254,"column":1}},"line":211},"5":{"name":"(anonymous_5)","decl":{"start":{"line":256,"column":22},"end":{"line":256,"column":23}},"loc":{"start":{"line":256,"column":42},"end":{"line":270,"column":1}},"line":256},"6":{"name":"(anonymous_6)","decl":{"start":{"line":272,"column":36},"end":{"line":272,"column":37}},"loc":{"start":{"line":272,"column":56},"end":{"line":307,"column":1}},"line":272},"7":{"name":"(anonymous_7)","decl":{"start":{"line":309,"column":31},"end":{"line":309,"column":32}},"loc":{"start":{"line":309,"column":51},"end":{"line":320,"column":1}},"line":309},"8":{"name":"(anonymous_8)","decl":{"start":{"line":322,"column":30},"end":{"line":322,"column":31}},"loc":{"start":{"line":322,"column":50},"end":{"line":351,"column":1}},"line":322}},"branchMap":{"0":{"loc":{"start":{"line":36,"column":4},"end":{"line":38,"column":5}},"type":"if","locations":[{"start":{"line":36,"column":4},"end":{"line":38,"column":5}},{"start":{},"end":{}}],"line":36},"1":{"loc":{"start":{"line":81,"column":4},"end":{"line":87,"column":5}},"type":"if","locations":[{"start":{"line":81,"column":4},"end":{"line":87,"column":5}},{"start":{},"end":{}}],"line":81},"2":{"loc":{"start":{"line":113,"column":4},"end":{"line":120,"column":5}},"type":"if","locations":[{"start":{"line":113,"column":4},"end":{"line":120,"column":5}},{"start":{},"end":{}}],"line":113},"3":{"loc":{"start":{"line":116,"column":8},"end":{"line":118,"column":42}},"type":"cond-expr","locations":[{"start":{"line":117,"column":12},"end":{"line":117,"column":42}},{"start":{"line":118,"column":12},"end":{"line":118,"column":42}}],"line":116},"4":{"loc":{"start":{"line":134,"column":4},"end":{"line":139,"column":5}},"type":"if","locations":[{"start":{"line":134,"column":4},"end":{"line":139,"column":5}},{"start":{},"end":{}}],"line":134},"5":{"loc":{"start":{"line":188,"column":4},"end":{"line":193,"column":5}},"type":"if","locations":[{"start":{"line":188,"column":4},"end":{"line":193,"column":5}},{"start":{},"end":{}}],"line":188},"6":{"loc":{"start":{"line":216,"column":4},"end":{"line":221,"column":5}},"type":"if","locations":[{"start":{"line":216,"column":4},"end":{"line":221,"column":5}},{"start":{},"end":{}}],"line":216},"7":{"loc":{"start":{"line":234,"column":4},"end":{"line":239,"column":5}},"type":"if","locations":[{"start":{"line":234,"column":4},"end":{"line":239,"column":5}},{"start":{},"end":{}}],"line":234},"8":{"loc":{"start":{"line":257,"column":16},"end":{"line":257,"column":76}},"type":"cond-expr","locations":[{"start":{"line":257,"column":46},"end":{"line":257,"column":61}},{"start":{"line":257,"column":64},"end":{"line":257,"column":76}}],"line":257},"9":{"loc":{"start":{"line":262,"column":4},"end":{"line":264,"column":5}},"type":"if","locations":[{"start":{"line":262,"column":4},"end":{"line":264,"column":5}},{"start":{},"end":{}}],"line":262},"10":{"loc":{"start":{"line":282,"column":4},"end":{"line":284,"column":5}},"type":"if","locations":[{"start":{"line":282,"column":4},"end":{"line":284,"column":5}},{"start":{},"end":{}}],"line":282},"11":{"loc":{"start":{"line":310,"column":17},"end":{"line":310,"column":77}},"type":"cond-expr","locations":[{"start":{"line":310,"column":47},"end":{"line":310,"column":62}},{"start":{"line":310,"column":65},"end":{"line":310,"column":77}}],"line":310},"12":{"loc":{"start":{"line":326,"column":2},"end":{"line":328,"column":3}},"type":"if","locations":[{"start":{"line":326,"column":2},"end":{"line":328,"column":3}},{"start":{},"end":{}}],"line":326},"13":{"loc":{"start":{"line":326,"column":6},"end":{"line":326,"column":21}},"type":"binary-expr","locations":[{"start":{"line":326,"column":6},"end":{"line":326,"column":9}},{"start":{"line":326,"column":13},"end":{"line":326,"column":21}}],"line":326},"14":{"loc":{"start":{"line":336,"column":4},"end":{"line":338,"column":5}},"type":"if","locations":[{"start":{"line":336,"column":4},"end":{"line":338,"column":5}},{"start":{},"end":{}}],"line":336}},"s":{"0":2,"1":2,"2":2,"3":2,"4":2,"5":2,"6":2,"7":2,"8":2,"9":2,"10":2,"11":2,"12":2,"13":0,"14":0,"15":2,"16":2,"17":2,"18":2,"19":2,"20":2,"21":1,"22":1,"23":0,"24":0,"25":1,"26":1,"27":0,"28":1,"29":2,"30":0,"31":0,"32":0,"33":0,"34":0,"35":0,"36":0,"37":0,"38":0,"39":0,"40":2,"41":3,"42":3,"43":3,"44":1,"45":2,"46":2,"47":1,"48":1,"49":0,"50":0,"51":2,"52":3,"53":3,"54":3,"55":1,"56":2,"57":2,"58":1,"59":1,"60":0,"61":0,"62":2,"63":0,"64":0,"65":0,"66":0,"67":0,"68":0,"69":0,"70":0,"71":0,"72":2,"73":0,"74":0,"75":0,"76":0,"77":0,"78":0,"79":0,"80":0,"81":0,"82":0,"83":0,"84":0,"85":2,"86":0,"87":0,"88":0,"89":0,"90":0,"91":0,"92":0,"93":2,"94":0,"95":0,"96":0,"97":0,"98":0,"99":0,"100":0,"101":0,"102":0,"103":0,"104":0,"105":0,"106":2},"f":{"0":2,"1":2,"2":0,"3":3,"4":3,"5":0,"6":0,"7":0,"8":0},"b":{"0":[1,1],"1":[0,1],"2":[0,0],"3":[0,0],"4":[1,2],"5":[1,1],"6":[1,2],"7":[1,1],"8":[0,0],"9":[0,0],"10":[0,0],"11":[0,0],"12":[0,0],"13":[0,0],"14":[0,0]},"_coverageSchema":"1a1c01bbd47fc00a2c39e90264f33305004495a9","hash":"601a10165ae7441c4584d7f5647e7868c3171453"}
,"C:\\Users\\Kevin\\Desktop\\Gestión de pruebas e implantación de Software\\Parcial 2\\SonarQube\\Gestion-Seguros\\backend\\src\\routes\\direcciones.routes.js": {"path":"C:\\Users\\Kevin\\Desktop\\Gestión de pruebas e implantación de Software\\Parcial 2\\SonarQube\\Gestion-Seguros\\backend\\src\\routes\\direcciones.routes.js","statementMap":{"0":{"start":{"line":1,"column":19},"end":{"line":1,"column":37}},"1":{"start":{"line":2,"column":21},"end":{"line":2,"column":46}},"2":{"start":{"line":4,"column":15},"end":{"line":4,"column":23}},"3":{"start":{"line":5,"column":11},"end":{"line":5,"column":25}},"4":{"start":{"line":6,"column":17},"end":{"line":6,"column":33}},"5":{"start":{"line":8,"column":0},"end":{"line":15,"column":3}},"6":{"start":{"line":9,"column":2},"end":{"line":14,"column":3}},"7":{"start":{"line":10,"column":17},"end":{"line":10,"column":59}},"8":{"start":{"line":11,"column":4},"end":{"line":11,"column":19}},"9":{"start":{"line":13,"column":4},"end":{"line":13,"column":71}},"10":{"start":{"line":17,"column":0},"end":{"line":32,"column":5}},"11":{"start":{"line":18,"column":4},"end":{"line":31,"column":5}},"12":{"start":{"line":19,"column":19},"end":{"line":19,"column":79}},"13":{"start":{"line":20,"column":6},"end":{"line":22,"column":7}},"14":{"start":{"line":21,"column":8},"end":{"line":21,"column":85}},"15":{"start":{"line":24,"column":20},"end":{"line":24,"column":64}},"16":{"start":{"line":25,"column":21},"end":{"line":25,"column":27}},"17":{"start":{"line":26,"column":19},"end":{"line":26,"column":54}},"18":{"start":{"line":28,"column":6},"end":{"line":28,"column":26}},"19":{"start":{"line":30,"column":6},"end":{"line":30,"column":73}},"20":{"start":{"line":34,"column":0},"end":{"line":48,"column":5}},"21":{"start":{"line":35,"column":4},"end":{"line":47,"column":5}},"22":{"start":{"line":36,"column":24},"end":{"line":36,"column":84}},"23":{"start":{"line":37,"column":6},"end":{"line":39,"column":7}},"24":{"start":{"line":38,"column":8},"end":{"line":38,"column":90}},"25":{"start":{"line":40,"column":20},"end":{"line":40,"column":63}},"26":{"start":{"line":41,"column":21},"end":{"line":41,"column":32}},"27":{"start":{"line":42,"column":19},"end":{"line":42,"column":54}},"28":{"start":{"line":44,"column":6},"end":{"line":44,"column":26}},"29":{"start":{"line":46,"column":6},"end":{"line":46,"column":76}},"30":{"start":{"line":50,"column":0},"end":{"line":65,"column":5}},"31":{"start":{"line":52,"column":4},"end":{"line":64,"column":5}},"32":{"start":{"line":53,"column":21},"end":{"line":53,"column":81}},"33":{"start":{"line":54,"column":6},"end":{"line":56,"column":7}},"34":{"start":{"line":55,"column":8},"end":{"line":55,"column":87}},"35":{"start":{"line":57,"column":20},"end":{"line":57,"column":219}},"36":{"start":{"line":58,"column":21},"end":{"line":58,"column":29}},"37":{"start":{"line":59,"column":19},"end":{"line":59,"column":54}},"38":{"start":{"line":61,"column":6},"end":{"line":61,"column":26}},"39":{"start":{"line":63,"column":6},"end":{"line":63,"column":76}},"40":{"start":{"line":68,"column":0},"end":{"line":68,"column":24}}},"fnMap":{"0":{"name":"(anonymous_0)","decl":{"start":{"line":8,"column":20},"end":{"line":8,"column":21}},"loc":{"start":{"line":8,"column":40},"end":{"line":15,"column":1}},"line":8},"1":{"name":"(anonymous_1)","decl":{"start":{"line":17,"column":25},"end":{"line":17,"column":26}},"loc":{"start":{"line":17,"column":45},"end":{"line":32,"column":3}},"line":17},"2":{"name":"(anonymous_2)","decl":{"start":{"line":34,"column":22},"end":{"line":34,"column":23}},"loc":{"start":{"line":34,"column":42},"end":{"line":48,"column":3}},"line":34},"3":{"name":"(anonymous_3)","decl":{"start":{"line":50,"column":22},"end":{"line":50,"column":23}},"loc":{"start":{"line":50,"column":42},"end":{"line":65,"column":3}},"line":50}},"branchMap":{"0":{"loc":{"start":{"line":19,"column":19},"end":{"line":19,"column":79}},"type":"cond-expr","locations":[{"start":{"line":19,"column":49},"end":{"line":19,"column":64}},{"start":{"line":19,"column":67},"end":{"line":19,"column":79}}],"line":19},"1":{"loc":{"start":{"line":20,"column":6},"end":{"line":22,"column":7}},"type":"if","locations":[{"start":{"line":20,"column":6},"end":{"line":22,"column":7}},{"start":{},"end":{}}],"line":20},"2":{"loc":{"start":{"line":36,"column":24},"end":{"line":36,"column":84}},"type":"cond-expr","locations":[{"start":{"line":36,"column":54},"end":{"line":36,"column":69}},{"start":{"line":36,"column":72},"end":{"line":36,"column":84}}],"line":36},"3":{"loc":{"start":{"line":37,"column":6},"end":{"line":39,"column":7}},"type":"if","locations":[{"start":{"line":37,"column":6},"end":{"line":39,"column":7}},{"start":{},"end":{}}],"line":37},"4":{"loc":{"start":{"line":53,"column":21},"end":{"line":53,"column":81}},"type":"cond-expr","locations":[{"start":{"line":53,"column":51},"end":{"line":53,"column":66}},{"start":{"line":53,"column":69},"end":{"line":53,"column":81}}],"line":53},"5":{"loc":{"start":{"line":54,"column":6},"end":{"line":56,"column":7}},"type":"if","locations":[{"start":{"line":54,"column":6},"end":{"line":56,"column":7}},{"start":{},"end":{}}],"line":54}},"s":{"0":2,"1":2,"2":2,"3":2,"4":2,"5":2,"6":1,"7":1,"8":1,"9":0,"10":2,"11":2,"12":2,"13":2,"14":1,"15":1,"16":1,"17":1,"18":1,"19":0,"20":2,"21":2,"22":2,"23":2,"24":1,"25":1,"26":1,"27":1,"28":1,"29":0,"30":2,"31":2,"32":2,"33":2,"34":1,"35":1,"36":1,"37":1,"38":1,"39":0,"40":2},"f":{"0":1,"1":2,"2":2,"3":2},"b":{"0":[0,2],"1":[1,1],"2":[0,2],"3":[1,1],"4":[0,2],"5":[1,1]},"_coverageSchema":"1a1c01bbd47fc00a2c39e90264f33305004495a9","hash":"73ad20485ab25ffd10abc1744393a504d7a08e51"}
,"C:\\Users\\Kevin\\Desktop\\Gestión de pruebas e implantación de Software\\Parcial 2\\SonarQube\\Gestion-Seguros\\backend\\src\\routes\\email.routes.js": {"path":"C:\\Users\\Kevin\\Desktop\\Gestión de pruebas e implantación de Software\\Parcial 2\\SonarQube\\Gestion-Seguros\\backend\\src\\routes\\email.routes.js","statementMap":{"0":{"start":{"line":1,"column":19},"end":{"line":1,"column":40}},"1":{"start":{"line":2,"column":19},"end":{"line":2,"column":37}},"2":{"start":{"line":3,"column":21},"end":{"line":3,"column":46}},"3":{"start":{"line":5,"column":15},"end":{"line":5,"column":23}},"4":{"start":{"line":6,"column":11},"end":{"line":6,"column":25}},"5":{"start":{"line":8,"column":17},"end":{"line":8,"column":33}},"6":{"start":{"line":11,"column":0},"end":{"line":108,"column":3}},"7":{"start":{"line":12,"column":26},"end":{"line":12,"column":34}},"8":{"start":{"line":13,"column":18},"end":{"line":13,"column":52}},"9":{"start":{"line":14,"column":15},"end":{"line":74,"column":5}},"10":{"start":{"line":77,"column":2},"end":{"line":79,"column":3}},"11":{"start":{"line":78,"column":4},"end":{"line":78,"column":83}},"12":{"start":{"line":83,"column":22},"end":{"line":89,"column":4}},"13":{"start":{"line":93,"column":22},"end":{"line":98,"column":3}},"14":{"start":{"line":100,"column":2},"end":{"line":107,"column":3}},"15":{"start":{"line":101,"column":17},"end":{"line":101,"column":56}},"16":{"start":{"line":102,"column":4},"end":{"line":102,"column":50}},"17":{"start":{"line":103,"column":4},"end":{"line":103,"column":72}},"18":{"start":{"line":105,"column":4},"end":{"line":105,"column":55}},"19":{"start":{"line":106,"column":4},"end":{"line":106,"column":74}},"20":{"start":{"line":110,"column":0},"end":{"line":204,"column":3}},"21":{"start":{"line":111,"column":26},"end":{"line":111,"column":34}},"22":{"start":{"line":112,"column":4},"end":{"line":112,"column":20}},"23":{"start":{"line":113,"column":19},"end":{"line":113,"column":71}},"24":{"start":{"line":114,"column":13},"end":{"line":175,"column":1}},"25":{"start":{"line":177,"column":2},"end":{"line":179,"column":3}},"26":{"start":{"line":178,"column":4},"end":{"line":178,"column":83}},"27":{"start":{"line":181,"column":22},"end":{"line":187,"column":4}},"28":{"start":{"line":189,"column":22},"end":{"line":194,"column":3}},"29":{"start":{"line":196,"column":2},"end":{"line":203,"column":3}},"30":{"start":{"line":197,"column":17},"end":{"line":197,"column":56}},"31":{"start":{"line":198,"column":4},"end":{"line":198,"column":50}},"32":{"start":{"line":199,"column":4},"end":{"line":199,"column":72}},"33":{"start":{"line":201,"column":4},"end":{"line":201,"column":55}},"34":{"start":{"line":202,"column":4},"end":{"line":202,"column":74}},"35":{"start":{"line":206,"column":0},"end":{"line":206,"column":24}}},"fnMap":{"0":{"name":"(anonymous_0)","decl":{"start":{"line":11,"column":30},"end":{"line":11,"column":31}},"loc":{"start":{"line":11,"column":50},"end":{"line":108,"column":1}},"line":11},"1":{"name":"(anonymous_1)","decl":{"start":{"line":110,"column":41},"end":{"line":110,"column":42}},"loc":{"start":{"line":110,"column":61},"end":{"line":204,"column":1}},"line":110}},"branchMap":{"0":{"loc":{"start":{"line":77,"column":2},"end":{"line":79,"column":3}},"type":"if","locations":[{"start":{"line":77,"column":2},"end":{"line":79,"column":3}},{"start":{},"end":{}}],"line":77},"1":{"loc":{"start":{"line":77,"column":6},"end":{"line":77,"column":30}},"type":"binary-expr","locations":[{"start":{"line":77,"column":6},"end":{"line":77,"column":9}},{"start":{"line":77,"column":13},"end":{"line":77,"column":21}},{"start":{"line":77,"column":25},"end":{"line":77,"column":30}}],"line":77},"2":{"loc":{"start":{"line":177,"column":2},"end":{"line":179,"column":3}},"type":"if","locations":[{"start":{"line":177,"column":2},"end":{"line":179,"column":3}},{"start":{},"end":{}}],"line":177},"3":{"loc":{"start":{"line":177,"column":6},"end":{"line":177,"column":30}},"type":"binary-expr","locations":[{"start":{"line":177,"column":6},"end":{"line":177,"column":9}},{"start":{"line":177,"column":13},"end":{"line":177,"column":21}},{"start":{"line":177,"column":25},"end":{"line":177,"column":30}}],"line":177}},"s":{"0":2,"1":2,"2":2,"3":2,"4":2,"5":2,"6":2,"7":0,"8":0,"9":0,"10":0,"11":0,"12":0,"13":0,"14":0,"15":0,"16":0,"17":0,"18":0,"19":0,"20":2,"21":0,"22":0,"23":0,"24":0,"25":0,"26":0,"27":0,"28":0,"29":0,"30":0,"31":0,"32":0,"33":0,"34":0,"35":2},"f":{"0":0,"1":0},"b":{"0":[0,0],"1":[0,0,0],"2":[0,0],"3":[0,0,0]},"_coverageSchema":"1a1c01bbd47fc00a2c39e90264f33305004495a9","hash":"31a405dc25360cb80f9d6ee0966eee4987b15cac"}
,"C:\\Users\\Kevin\\Desktop\\Gestión de pruebas e implantación de Software\\Parcial 2\\SonarQube\\Gestion-Seguros\\backend\\src\\routes\\empleados.routes.js": {"path":"C:\\Users\\Kevin\\Desktop\\Gestión de pruebas e implantación de Software\\Parcial 2\\SonarQube\\Gestion-Seguros\\backend\\src\\routes\\empleados.routes.js","statementMap":{"0":{"start":{"line":1,"column":19},"end":{"line":1,"column":37}},"1":{"start":{"line":2,"column":21},"end":{"line":2,"column":46}},"2":{"start":{"line":4,"column":15},"end":{"line":4,"column":23}},"3":{"start":{"line":5,"column":11},"end":{"line":5,"column":25}},"4":{"start":{"line":6,"column":17},"end":{"line":6,"column":33}},"5":{"start":{"line":8,"column":0},"end":{"line":21,"column":3}},"6":{"start":{"line":9,"column":2},"end":{"line":20,"column":3}},"7":{"start":{"line":10,"column":22},"end":{"line":10,"column":34}},"8":{"start":{"line":11,"column":4},"end":{"line":13,"column":5}},"9":{"start":{"line":12,"column":6},"end":{"line":12,"column":55}},"10":{"start":{"line":14,"column":18},"end":{"line":14,"column":63}},"11":{"start":{"line":15,"column":19},"end":{"line":15,"column":27}},"12":{"start":{"line":16,"column":17},"end":{"line":16,"column":52}},"13":{"start":{"line":17,"column":4},"end":{"line":17,"column":24}},"14":{"start":{"line":19,"column":4},"end":{"line":19,"column":77}},"15":{"start":{"line":24,"column":0},"end":{"line":24,"column":24}}},"fnMap":{"0":{"name":"(anonymous_0)","decl":{"start":{"line":8,"column":30},"end":{"line":8,"column":31}},"loc":{"start":{"line":8,"column":50},"end":{"line":21,"column":1}},"line":8}},"branchMap":{"0":{"loc":{"start":{"line":11,"column":4},"end":{"line":13,"column":5}},"type":"if","locations":[{"start":{"line":11,"column":4},"end":{"line":13,"column":5}},{"start":{},"end":{}}],"line":11}},"s":{"0":2,"1":2,"2":2,"3":2,"4":2,"5":2,"6":0,"7":0,"8":0,"9":0,"10":0,"11":0,"12":0,"13":0,"14":0,"15":2},"f":{"0":0},"b":{"0":[0,0]},"_coverageSchema":"1a1c01bbd47fc00a2c39e90264f33305004495a9","hash":"45a4e63fc85208c6d6f41450cf70259798bbe2e4"}
,"C:\\Users\\Kevin\\Desktop\\Gestión de pruebas e implantación de Software\\Parcial 2\\SonarQube\\Gestion-Seguros\\backend\\src\\routes\\seguros.routes.js": {"path":"C:\\Users\\Kevin\\Desktop\\Gestión de pruebas e implantación de Software\\Parcial 2\\SonarQube\\Gestion-Seguros\\backend\\src\\routes\\seguros.routes.js","statementMap":{"0":{"start":{"line":1,"column":19},"end":{"line":1,"column":37}},"1":{"start":{"line":2,"column":21},"end":{"line":2,"column":46}},"2":{"start":{"line":4,"column":15},"end":{"line":4,"column":23}},"3":{"start":{"line":5,"column":11},"end":{"line":5,"column":25}},"4":{"start":{"line":6,"column":17},"end":{"line":6,"column":33}},"5":{"start":{"line":8,"column":0},"end":{"line":15,"column":3}},"6":{"start":{"line":9,"column":2},"end":{"line":14,"column":3}},"7":{"start":{"line":10,"column":17},"end":{"line":10,"column":62}},"8":{"start":{"line":11,"column":4},"end":{"line":11,"column":19}},"9":{"start":{"line":13,"column":4},"end":{"line":13,"column":71}},"10":{"start":{"line":17,"column":0},"end":{"line":41,"column":5}},"11":{"start":{"line":18,"column":23},"end":{"line":18,"column":31}},"12":{"start":{"line":20,"column":4},"end":{"line":40,"column":5}},"13":{"start":{"line":21,"column":19},"end":{"line":34,"column":8}},"14":{"start":{"line":36,"column":6},"end":{"line":36,"column":66}},"15":{"start":{"line":38,"column":6},"end":{"line":38,"column":55}},"16":{"start":{"line":39,"column":6},"end":{"line":39,"column":74}},"17":{"start":{"line":43,"column":2},"end":{"line":85,"column":5}},"18":{"start":{"line":44,"column":23},"end":{"line":44,"column":31}},"19":{"start":{"line":46,"column":4},"end":{"line":84,"column":5}},"20":{"start":{"line":47,"column":19},"end":{"line":75,"column":8}},"21":{"start":{"line":77,"column":6},"end":{"line":80,"column":9}},"22":{"start":{"line":82,"column":6},"end":{"line":82,"column":64}},"23":{"start":{"line":83,"column":6},"end":{"line":83,"column":83}},"24":{"start":{"line":87,"column":2},"end":{"line":113,"column":5}},"25":{"start":{"line":88,"column":23},"end":{"line":88,"column":31}},"26":{"start":{"line":90,"column":4},"end":{"line":112,"column":5}},"27":{"start":{"line":91,"column":19},"end":{"line":103,"column":8}},"28":{"start":{"line":105,"column":6},"end":{"line":108,"column":9}},"29":{"start":{"line":110,"column":6},"end":{"line":110,"column":64}},"30":{"start":{"line":111,"column":6},"end":{"line":111,"column":83}},"31":{"start":{"line":115,"column":2},"end":{"line":160,"column":5}},"32":{"start":{"line":116,"column":23},"end":{"line":116,"column":31}},"33":{"start":{"line":117,"column":4},"end":{"line":117,"column":28}},"34":{"start":{"line":118,"column":20},"end":{"line":118,"column":21}},"35":{"start":{"line":119,"column":4},"end":{"line":159,"column":5}},"36":{"start":{"line":120,"column":18},"end":{"line":150,"column":12}},"37":{"start":{"line":152,"column":6},"end":{"line":155,"column":9}},"38":{"start":{"line":157,"column":6},"end":{"line":157,"column":55}},"39":{"start":{"line":158,"column":6},"end":{"line":158,"column":74}},"40":{"start":{"line":162,"column":2},"end":{"line":211,"column":3}},"41":{"start":{"line":163,"column":23},"end":{"line":163,"column":31}},"42":{"start":{"line":165,"column":2},"end":{"line":167,"column":3}},"43":{"start":{"line":166,"column":4},"end":{"line":166,"column":78}},"44":{"start":{"line":169,"column":17},"end":{"line":169,"column":19}},"45":{"start":{"line":170,"column":23},"end":{"line":186,"column":15}},"46":{"start":{"line":171,"column":16},"end":{"line":171,"column":22}},"47":{"start":{"line":172,"column":4},"end":{"line":184,"column":6}},"48":{"start":{"line":185,"column":4},"end":{"line":185,"column":159}},"49":{"start":{"line":188,"column":16},"end":{"line":202,"column":3}},"50":{"start":{"line":204,"column":2},"end":{"line":210,"column":3}},"51":{"start":{"line":205,"column":4},"end":{"line":205,"column":40}},"52":{"start":{"line":206,"column":4},"end":{"line":206,"column":66}},"53":{"start":{"line":208,"column":4},"end":{"line":208,"column":60}},"54":{"start":{"line":209,"column":4},"end":{"line":209,"column":79}},"55":{"start":{"line":214,"column":0},"end":{"line":214,"column":24}}},"fnMap":{"0":{"name":"(anonymous_0)","decl":{"start":{"line":8,"column":22},"end":{"line":8,"column":23}},"loc":{"start":{"line":8,"column":42},"end":{"line":15,"column":1}},"line":8},"1":{"name":"(anonymous_1)","decl":{"start":{"line":17,"column":21},"end":{"line":17,"column":22}},"loc":{"start":{"line":17,"column":41},"end":{"line":41,"column":3}},"line":17},"2":{"name":"(anonymous_2)","decl":{"start":{"line":43,"column":34},"end":{"line":43,"column":35}},"loc":{"start":{"line":43,"column":54},"end":{"line":85,"column":3}},"line":43},"3":{"name":"(anonymous_3)","decl":{"start":{"line":87,"column":35},"end":{"line":87,"column":36}},"loc":{"start":{"line":87,"column":55},"end":{"line":113,"column":3}},"line":87},"4":{"name":"(anonymous_4)","decl":{"start":{"line":115,"column":29},"end":{"line":115,"column":30}},"loc":{"start":{"line":115,"column":49},"end":{"line":160,"column":3}},"line":115},"5":{"name":"(anonymous_5)","decl":{"start":{"line":162,"column":35},"end":{"line":162,"column":36}},"loc":{"start":{"line":162,"column":55},"end":{"line":211,"column":1}},"line":162},"6":{"name":"(anonymous_6)","decl":{"start":{"line":170,"column":40},"end":{"line":170,"column":41}},"loc":{"start":{"line":170,"column":52},"end":{"line":186,"column":3}},"line":170}},"branchMap":{"0":{"loc":{"start":{"line":165,"column":2},"end":{"line":167,"column":3}},"type":"if","locations":[{"start":{"line":165,"column":2},"end":{"line":167,"column":3}},{"start":{},"end":{}}],"line":165},"1":{"loc":{"start":{"line":165,"column":6},"end":{"line":165,"column":63}},"type":"binary-expr","locations":[{"start":{"line":165,"column":6},"end":{"line":165,"column":34}},{"start":{"line":165,"column":38},"end":{"line":165,"column":63}}],"line":165}},"s":{"0":2,"1":2,"2":2,"3":2,"4":2,"5":2,"6":0,"7":0,"8":0,"9":0,"10":2,"11":0,"12":0,"13":0,"14":0,"15":0,"16":0,"17":2,"18":0,"19":0,"20":0,"21":0,"22":0,"23":0,"24":2,"25":0,"26":0,"27":0,"28":0,"29":0,"30":0,"31":2,"32":0,"33":0,"34":0,"35":0,"36":0,"37":0,"38":0,"39":0,"40":2,"41":0,"42":0,"43":0,"44":0,"45":0,"46":0,"47":0,"48":0,"49":0,"50":0,"51":0,"52":0,"53":0,"54":0,"55":2},"f":{"0":0,"1":0,"2":0,"3":0,"4":0,"5":0,"6":0},"b":{"0":[0,0],"1":[0,0]},"_coverageSchema":"1a1c01bbd47fc00a2c39e90264f33305004495a9","hash":"c96758d360278a0c88fa4c11cd46de06af5cd6a3"}
,"C:\\Users\\Kevin\\Desktop\\Gestión de pruebas e implantación de Software\\Parcial 2\\SonarQube\\Gestion-Seguros\\backend\\src\\routes\\tiposeguro.route.js": {"path":"C:\\Users\\Kevin\\Desktop\\Gestión de pruebas e implantación de Software\\Parcial 2\\SonarQube\\Gestion-Seguros\\backend\\src\\routes\\tiposeguro.route.js","statementMap":{"0":{"start":{"line":1,"column":19},"end":{"line":1,"column":37}},"1":{"start":{"line":2,"column":21},"end":{"line":2,"column":46}},"2":{"start":{"line":4,"column":15},"end":{"line":4,"column":23}},"3":{"start":{"line":5,"column":11},"end":{"line":5,"column":25}},"4":{"start":{"line":6,"column":17},"end":{"line":6,"column":33}},"5":{"start":{"line":8,"column":0},"end":{"line":18,"column":3}},"6":{"start":{"line":9,"column":2},"end":{"line":17,"column":3}},"7":{"start":{"line":10,"column":15},"end":{"line":10,"column":16}},"8":{"start":{"line":11,"column":18},"end":{"line":11,"column":66}},"9":{"start":{"line":12,"column":19},"end":{"line":12,"column":23}},"10":{"start":{"line":13,"column":17},"end":{"line":13,"column":52}},"11":{"start":{"line":14,"column":4},"end":{"line":14,"column":19}},"12":{"start":{"line":16,"column":4},"end":{"line":16,"column":71}},"13":{"start":{"line":20,"column":0},"end":{"line":51,"column":3}},"14":{"start":{"line":21,"column":26},"end":{"line":21,"column":34}},"15":{"start":{"line":23,"column":2},"end":{"line":50,"column":3}},"16":{"start":{"line":24,"column":19},"end":{"line":26,"column":37}},"17":{"start":{"line":28,"column":4},"end":{"line":30,"column":5}},"18":{"start":{"line":29,"column":6},"end":{"line":29,"column":89}},"19":{"start":{"line":31,"column":17},"end":{"line":44,"column":6}},"20":{"start":{"line":46,"column":4},"end":{"line":46,"column":86}},"21":{"start":{"line":48,"column":4},"end":{"line":48,"column":61}},"22":{"start":{"line":49,"column":4},"end":{"line":49,"column":80}},"23":{"start":{"line":53,"column":0},"end":{"line":79,"column":3}},"24":{"start":{"line":54,"column":16},"end":{"line":54,"column":24}},"25":{"start":{"line":56,"column":2},"end":{"line":58,"column":3}},"26":{"start":{"line":57,"column":4},"end":{"line":57,"column":78}},"27":{"start":{"line":60,"column":17},"end":{"line":60,"column":19}},"28":{"start":{"line":61,"column":23},"end":{"line":65,"column":15}},"29":{"start":{"line":62,"column":4},"end":{"line":62,"column":25}},"30":{"start":{"line":63,"column":16},"end":{"line":63,"column":21}},"31":{"start":{"line":64,"column":4},"end":{"line":64,"column":40}},"32":{"start":{"line":67,"column":2},"end":{"line":78,"column":3}},"33":{"start":{"line":68,"column":18},"end":{"line":71,"column":5}},"34":{"start":{"line":72,"column":4},"end":{"line":72,"column":40}},"35":{"start":{"line":74,"column":4},"end":{"line":74,"column":64}},"36":{"start":{"line":76,"column":4},"end":{"line":76,"column":58}},"37":{"start":{"line":77,"column":4},"end":{"line":77,"column":77}},"38":{"start":{"line":83,"column":0},"end":{"line":90,"column":3}},"39":{"start":{"line":84,"column":2},"end":{"line":89,"column":3}},"40":{"start":{"line":85,"column":17},"end":{"line":85,"column":64}},"41":{"start":{"line":86,"column":4},"end":{"line":86,"column":24}},"42":{"start":{"line":88,"column":4},"end":{"line":88,"column":71}},"43":{"start":{"line":92,"column":0},"end":{"line":106,"column":5}},"44":{"start":{"line":93,"column":4},"end":{"line":105,"column":5}},"45":{"start":{"line":94,"column":24},"end":{"line":94,"column":84}},"46":{"start":{"line":95,"column":6},"end":{"line":97,"column":7}},"47":{"start":{"line":96,"column":8},"end":{"line":96,"column":90}},"48":{"start":{"line":99,"column":20},"end":{"line":99,"column":70}},"49":{"start":{"line":100,"column":21},"end":{"line":100,"column":32}},"50":{"start":{"line":101,"column":19},"end":{"line":101,"column":54}},"51":{"start":{"line":102,"column":6},"end":{"line":102,"column":26}},"52":{"start":{"line":104,"column":6},"end":{"line":104,"column":73}},"53":{"start":{"line":108,"column":0},"end":{"line":126,"column":5}},"54":{"start":{"line":109,"column":4},"end":{"line":125,"column":5}},"55":{"start":{"line":110,"column":23},"end":{"line":110,"column":83}},"56":{"start":{"line":111,"column":6},"end":{"line":113,"column":7}},"57":{"start":{"line":112,"column":8},"end":{"line":112,"column":90}},"58":{"start":{"line":115,"column":20},"end":{"line":119,"column":47}},"59":{"start":{"line":120,"column":21},"end":{"line":120,"column":31}},"60":{"start":{"line":121,"column":19},"end":{"line":121,"column":54}},"61":{"start":{"line":122,"column":6},"end":{"line":122,"column":26}},"62":{"start":{"line":124,"column":6},"end":{"line":124,"column":73}},"63":{"start":{"line":128,"column":0},"end":{"line":141,"column":3}},"64":{"start":{"line":129,"column":19},"end":{"line":129,"column":27}},"65":{"start":{"line":130,"column":2},"end":{"line":131,"column":3}},"66":{"start":{"line":130,"column":18},"end":{"line":130,"column":71}},"67":{"start":{"line":132,"column":2},"end":{"line":140,"column":3}},"68":{"start":{"line":133,"column":19},"end":{"line":136,"column":5}},"69":{"start":{"line":137,"column":4},"end":{"line":137,"column":96}},"70":{"start":{"line":139,"column":4},"end":{"line":139,"column":72}},"71":{"start":{"line":143,"column":0},"end":{"line":187,"column":3}},"72":{"start":{"line":144,"column":21},"end":{"line":144,"column":29}},"73":{"start":{"line":146,"column":2},"end":{"line":148,"column":3}},"74":{"start":{"line":147,"column":4},"end":{"line":147,"column":79}},"75":{"start":{"line":150,"column":2},"end":{"line":186,"column":3}},"76":{"start":{"line":152,"column":19},"end":{"line":154,"column":32}},"77":{"start":{"line":156,"column":4},"end":{"line":158,"column":5}},"78":{"start":{"line":157,"column":6},"end":{"line":157,"column":89}},"79":{"start":{"line":159,"column":19},"end":{"line":176,"column":6}},"80":{"start":{"line":178,"column":4},"end":{"line":180,"column":5}},"81":{"start":{"line":179,"column":6},"end":{"line":179,"column":79}},"82":{"start":{"line":182,"column":4},"end":{"line":182,"column":92}},"83":{"start":{"line":184,"column":4},"end":{"line":184,"column":64}},"84":{"start":{"line":185,"column":4},"end":{"line":185,"column":83}},"85":{"start":{"line":189,"column":0},"end":{"line":207,"column":3}},"86":{"start":{"line":190,"column":21},"end":{"line":190,"column":29}},"87":{"start":{"line":191,"column":14},"end":{"line":191,"column":17}},"88":{"start":{"line":192,"column":2},"end":{"line":206,"column":3}},"89":{"start":{"line":193,"column":17},"end":{"line":200,"column":6}},"90":{"start":{"line":202,"column":4},"end":{"line":202,"column":75}},"91":{"start":{"line":204,"column":4},"end":{"line":204,"column":25}},"92":{"start":{"line":205,"column":4},"end":{"line":205,"column":67}},"93":{"start":{"line":209,"column":0},"end":{"line":222,"column":3}},"94":{"start":{"line":210,"column":2},"end":{"line":221,"column":3}},"95":{"start":{"line":211,"column":15},"end":{"line":211,"column":16}},"96":{"start":{"line":212,"column":19},"end":{"line":212,"column":35}},"97":{"start":{"line":214,"column":18},"end":{"line":214,"column":88}},"98":{"start":{"line":215,"column":19},"end":{"line":215,"column":31}},"99":{"start":{"line":217,"column":17},"end":{"line":217,"column":52}},"100":{"start":{"line":218,"column":4},"end":{"line":218,"column":19}},"101":{"start":{"line":220,"column":4},"end":{"line":220,"column":71}},"102":{"start":{"line":225,"column":0},"end":{"line":225,"column":24}}},"fnMap":{"0":{"name":"(anonymous_0)","decl":{"start":{"line":8,"column":22},"end":{"line":8,"column":23}},"loc":{"start":{"line":8,"column":42},"end":{"line":18,"column":1}},"line":8},"1":{"name":"(anonymous_1)","decl":{"start":{"line":20,"column":21},"end":{"line":20,"column":22}},"loc":{"start":{"line":20,"column":41},"end":{"line":51,"column":1}},"line":20},"2":{"name":"(anonymous_2)","decl":{"start":{"line":53,"column":31},"end":{"line":53,"column":32}},"loc":{"start":{"line":53,"column":51},"end":{"line":79,"column":1}},"line":53},"3":{"name":"(anonymous_3)","decl":{"start":{"line":61,"column":33},"end":{"line":61,"column":34}},"loc":{"start":{"line":61,"column":46},"end":{"line":65,"column":3}},"line":61},"4":{"name":"(anonymous_4)","decl":{"start":{"line":83,"column":25},"end":{"line":83,"column":26}},"loc":{"start":{"line":83,"column":45},"end":{"line":90,"column":1}},"line":83},"5":{"name":"(anonymous_5)","decl":{"start":{"line":92,"column":26},"end":{"line":92,"column":27}},"loc":{"start":{"line":92,"column":46},"end":{"line":106,"column":3}},"line":92},"6":{"name":"(anonymous_6)","decl":{"start":{"line":108,"column":31},"end":{"line":108,"column":32}},"loc":{"start":{"line":108,"column":51},"end":{"line":126,"column":3}},"line":108},"7":{"name":"(anonymous_7)","decl":{"start":{"line":128,"column":35},"end":{"line":128,"column":36}},"loc":{"start":{"line":128,"column":55},"end":{"line":141,"column":1}},"line":128},"8":{"name":"(anonymous_8)","decl":{"start":{"line":143,"column":28},"end":{"line":143,"column":29}},"loc":{"start":{"line":143,"column":48},"end":{"line":187,"column":1}},"line":143},"9":{"name":"(anonymous_9)","decl":{"start":{"line":189,"column":26},"end":{"line":189,"column":27}},"loc":{"start":{"line":189,"column":46},"end":{"line":207,"column":1}},"line":189},"10":{"name":"(anonymous_10)","decl":{"start":{"line":209,"column":22},"end":{"line":209,"column":23}},"loc":{"start":{"line":209,"column":42},"end":{"line":222,"column":1}},"line":209}},"branchMap":{"0":{"loc":{"start":{"line":28,"column":4},"end":{"line":30,"column":5}},"type":"if","locations":[{"start":{"line":28,"column":4},"end":{"line":30,"column":5}},{"start":{},"end":{}}],"line":28},"1":{"loc":{"start":{"line":56,"column":2},"end":{"line":58,"column":3}},"type":"if","locations":[{"start":{"line":56,"column":2},"end":{"line":58,"column":3}},{"start":{},"end":{}}],"line":56},"2":{"loc":{"start":{"line":56,"column":6},"end":{"line":56,"column":49}},"type":"binary-expr","locations":[{"start":{"line":56,"column":6},"end":{"line":56,"column":27}},{"start":{"line":56,"column":31},"end":{"line":56,"column":49}}],"line":56},"3":{"loc":{"start":{"line":94,"column":24},"end":{"line":94,"column":84}},"type":"cond-expr","locations":[{"start":{"line":94,"column":54},"end":{"line":94,"column":69}},{"start":{"line":94,"column":72},"end":{"line":94,"column":84}}],"line":94},"4":{"loc":{"start":{"line":95,"column":6},"end":{"line":97,"column":7}},"type":"if","locations":[{"start":{"line":95,"column":6},"end":{"line":97,"column":7}},{"start":{},"end":{}}],"line":95},"5":{"loc":{"start":{"line":110,"column":23},"end":{"line":110,"column":83}},"type":"cond-expr","locations":[{"start":{"line":110,"column":53},"end":{"line":110,"column":68}},{"start":{"line":110,"column":71},"end":{"line":110,"column":83}}],"line":110},"6":{"loc":{"start":{"line":111,"column":6},"end":{"line":113,"column":7}},"type":"if","locations":[{"start":{"line":111,"column":6},"end":{"line":113,"column":7}},{"start":{},"end":{}}],"line":111},"7":{"loc":{"start":{"line":130,"column":2},"end":{"line":131,"column":3}},"type":"if","locations":[{"start":{"line":130,"column":2},"end":{"line":131,"column":3}},{"start":{},"end":{}}],"line":130},"8":{"loc":{"start":{"line":146,"column":2},"end":{"line":148,"column":3}},"type":"if","locations":[{"start":{"line":146,"column":2},"end":{"line":148,"column":3}},{"start":{},"end":{}}],"line":146},"9":{"loc":{"start":{"line":156,"column":4},"end":{"line":158,"column":5}},"type":"if","locations":[{"start":{"line":156,"column":4},"end":{"line":158,"column":5}},{"start":{},"end":{}}],"line":156},"10":{"loc":{"start":{"line":178,"column":4},"end":{"line":180,"column":5}},"type":"if","locations":[{"start":{"line":178,"column":4},"end":{"line":180,"column":5}},{"start":{},"end":{}}],"line":178}},"s":{"0":2,"1":2,"2":2,"3":2,"4":2,"5":2,"6":0,"7":0,"8":0,"9":0,"10":0,"11":0,"12":0,"13":2,"14":0,"15":0,"16":0,"17":0,"18":0,"19":0,"20":0,"21":0,"22":0,"23":2,"24":0,"25":0,"26":0,"27":0,"28":0,"29":0,"30":0,"31":0,"32":0,"33":0,"34":0,"35":0,"36":0,"37":0,"38":2,"39":0,"40":0,"41":0,"42":0,"43":2,"44":0,"45":0,"46":0,"47":0,"48":0,"49":0,"50":0,"51":0,"52":0,"53":2,"54":0,"55":0,"56":0,"57":0,"58":0,"59":0,"60":0,"61":0,"62":0,"63":2,"64":0,"65":0,"66":0,"67":0,"68":0,"69":0,"70":0,"71":2,"72":0,"73":0,"74":0,"75":0,"76":0,"77":0,"78":0,"79":0,"80":0,"81":0,"82":0,"83":0,"84":0,"85":2,"86":0,"87":0,"88":0,"89":0,"90":0,"91":0,"92":0,"93":2,"94":0,"95":0,"96":0,"97":0,"98":0,"99":0,"100":0,"101":0,"102":2},"f":{"0":0,"1":0,"2":0,"3":0,"4":0,"5":0,"6":0,"7":0,"8":0,"9":0,"10":0},"b":{"0":[0,0],"1":[0,0],"2":[0,0],"3":[0,0],"4":[0,0],"5":[0,0],"6":[0,0],"7":[0,0],"8":[0,0],"9":[0,0],"10":[0,0]},"_coverageSchema":"1a1c01bbd47fc00a2c39e90264f33305004495a9","hash":"1ea3b435930cd13744e37e7bdd56b6c6312dc085"}
,"C:\\Users\\Kevin\\Desktop\\Gestión de pruebas e implantación de Software\\Parcial 2\\SonarQube\\Gestion-Seguros\\backend\\src\\routes\\usuarios.routes.js": {"path":"C:\\Users\\Kevin\\Desktop\\Gestión de pruebas e implantación de Software\\Parcial 2\\SonarQube\\Gestion-Seguros\\backend\\src\\routes\\usuarios.routes.js","statementMap":{"0":{"start":{"line":1,"column":19},"end":{"line":1,"column":37}},"1":{"start":{"line":2,"column":21},"end":{"line":2,"column":46}},"2":{"start":{"line":3,"column":11},"end":{"line":3,"column":34}},"3":{"start":{"line":5,"column":15},"end":{"line":5,"column":23}},"4":{"start":{"line":6,"column":11},"end":{"line":6,"column":25}},"5":{"start":{"line":7,"column":17},"end":{"line":7,"column":33}},"6":{"start":{"line":9,"column":0},"end":{"line":12,"column":3}},"7":{"start":{"line":10,"column":15},"end":{"line":10,"column":61}},"8":{"start":{"line":11,"column":2},"end":{"line":11,"column":17}},"9":{"start":{"line":14,"column":0},"end":{"line":41,"column":3}},"10":{"start":{"line":15,"column":2},"end":{"line":40,"column":3}},"11":{"start":{"line":16,"column":23},"end":{"line":16,"column":31}},"12":{"start":{"line":17,"column":20},"end":{"line":17,"column":89}},"13":{"start":{"line":18,"column":21},"end":{"line":18,"column":90}},"14":{"start":{"line":20,"column":19},"end":{"line":23,"column":5}},"15":{"start":{"line":25,"column":4},"end":{"line":36,"column":5}},"16":{"start":{"line":27,"column":20},"end":{"line":27,"column":49}},"17":{"start":{"line":28,"column":6},"end":{"line":31,"column":8}},"18":{"start":{"line":29,"column":8},"end":{"line":29,"column":71}},"19":{"start":{"line":34,"column":6},"end":{"line":34,"column":72}},"20":{"start":{"line":38,"column":4},"end":{"line":38,"column":47}},"21":{"start":{"line":39,"column":4},"end":{"line":39,"column":72}},"22":{"start":{"line":43,"column":0},"end":{"line":71,"column":3}},"23":{"start":{"line":44,"column":2},"end":{"line":69,"column":3}},"24":{"start":{"line":45,"column":17},"end":{"line":45,"column":20}},"25":{"start":{"line":46,"column":27},"end":{"line":46,"column":35}},"26":{"start":{"line":48,"column":4},"end":{"line":50,"column":5}},"27":{"start":{"line":49,"column":6},"end":{"line":49,"column":93}},"28":{"start":{"line":52,"column":18},"end":{"line":56,"column":5}},"29":{"start":{"line":57,"column":19},"end":{"line":57,"column":39}},"30":{"start":{"line":59,"column":19},"end":{"line":59,"column":54}},"31":{"start":{"line":61,"column":4},"end":{"line":65,"column":7}},"32":{"start":{"line":67,"column":4},"end":{"line":67,"column":52}},"33":{"start":{"line":68,"column":4},"end":{"line":68,"column":84}},"34":{"start":{"line":73,"column":0},"end":{"line":90,"column":3}},"35":{"start":{"line":75,"column":2},"end":{"line":89,"column":3}},"36":{"start":{"line":76,"column":29},"end":{"line":76,"column":37}},"37":{"start":{"line":77,"column":20},"end":{"line":77,"column":31}},"38":{"start":{"line":78,"column":18},"end":{"line":78,"column":72}},"39":{"start":{"line":80,"column":4},"end":{"line":83,"column":6}},"40":{"start":{"line":85,"column":4},"end":{"line":85,"column":89}},"41":{"start":{"line":87,"column":4},"end":{"line":87,"column":59}},"42":{"start":{"line":88,"column":4},"end":{"line":88,"column":76}},"43":{"start":{"line":95,"column":0},"end":{"line":95,"column":24}}},"fnMap":{"0":{"name":"(anonymous_0)","decl":{"start":{"line":9,"column":21},"end":{"line":9,"column":22}},"loc":{"start":{"line":9,"column":41},"end":{"line":12,"column":1}},"line":9},"1":{"name":"(anonymous_1)","decl":{"start":{"line":14,"column":24},"end":{"line":14,"column":25}},"loc":{"start":{"line":14,"column":44},"end":{"line":41,"column":1}},"line":14},"2":{"name":"(anonymous_2)","decl":{"start":{"line":28,"column":57},"end":{"line":28,"column":58}},"loc":{"start":{"line":28,"column":70},"end":{"line":31,"column":7}},"line":28},"3":{"name":"(anonymous_3)","decl":{"start":{"line":43,"column":36},"end":{"line":43,"column":37}},"loc":{"start":{"line":43,"column":56},"end":{"line":71,"column":1}},"line":43},"4":{"name":"(anonymous_4)","decl":{"start":{"line":73,"column":36},"end":{"line":73,"column":37}},"loc":{"start":{"line":73,"column":56},"end":{"line":90,"column":1}},"line":73}},"branchMap":{"0":{"loc":{"start":{"line":17,"column":20},"end":{"line":17,"column":89}},"type":"cond-expr","locations":[{"start":{"line":17,"column":53},"end":{"line":17,"column":71}},{"start":{"line":17,"column":74},"end":{"line":17,"column":89}}],"line":17},"1":{"loc":{"start":{"line":18,"column":21},"end":{"line":18,"column":90}},"type":"cond-expr","locations":[{"start":{"line":18,"column":54},"end":{"line":18,"column":72}},{"start":{"line":18,"column":75},"end":{"line":18,"column":90}}],"line":18},"2":{"loc":{"start":{"line":25,"column":4},"end":{"line":36,"column":5}},"type":"if","locations":[{"start":{"line":25,"column":4},"end":{"line":36,"column":5}},{"start":{"line":33,"column":11},"end":{"line":36,"column":5}}],"line":25},"3":{"loc":{"start":{"line":48,"column":4},"end":{"line":50,"column":5}},"type":"if","locations":[{"start":{"line":48,"column":4},"end":{"line":50,"column":5}},{"start":{},"end":{}}],"line":48},"4":{"loc":{"start":{"line":48,"column":8},"end":{"line":48,"column":33}},"type":"binary-expr","locations":[{"start":{"line":48,"column":8},"end":{"line":48,"column":13}},{"start":{"line":48,"column":17},"end":{"line":48,"column":22}},{"start":{"line":48,"column":26},"end":{"line":48,"column":33}}],"line":48}},"s":{"0":2,"1":2,"2":2,"3":2,"4":2,"5":2,"6":2,"7":0,"8":0,"9":2,"10":0,"11":0,"12":0,"13":0,"14":0,"15":0,"16":0,"17":0,"18":0,"19":0,"20":0,"21":0,"22":2,"23":0,"24":0,"25":0,"26":0,"27":0,"28":0,"29":0,"30":0,"31":0,"32":0,"33":0,"34":2,"35":0,"36":0,"37":0,"38":0,"39":0,"40":0,"41":0,"42":0,"43":2},"f":{"0":0,"1":0,"2":0,"3":0,"4":0},"b":{"0":[0,0],"1":[0,0],"2":[0,0],"3":[0,0],"4":[0,0,0]},"_coverageSchema":"1a1c01bbd47fc00a2c39e90264f33305004495a9","hash":"ab372e47e15ea06e488e3d03f7bcfcec261d61e0"}
}
