TN:
SF:middlewares\authMiddleware.js
FN:6,authMiddleware
FNF:1
FNH:1
FNDA:5,authMiddleware
DA:1,2
DA:2,2
DA:4,2
DA:7,5
DA:9,5
DA:10,2
DA:13,3
DA:15,3
DA:16,3
DA:17,1
DA:18,1
DA:20,2
DA:24,2
LF:13
LH:13
BRDA:9,0,0,2
BRDA:9,0,1,3
BRDA:9,1,0,5
BRDA:9,1,1,4
BRF:4
BRH:4
end_of_record
TN:
SF:src\config.js
FNF:0
FNH:0
DA:1,1
LF:1
LH:1
BRDA:1,0,0,1
BRDA:1,0,1,1
BRF:2
BRH:2
end_of_record
TN:
SF:src\database.js
FN:6,(anonymous_0)
FN:34,(anonymous_1)
FNF:2
FNH:2
FNDA:8,(anonymous_0)
FNDA:8,(anonymous_1)
DA:2,1
DA:7,8
DA:8,7
DA:11,1
DA:22,1
DA:23,1
DA:26,1
DA:27,1
DA:28,0
DA:30,0
DA:35,8
LF:11
LH:9
BRDA:7,0,0,7
BRDA:7,0,1,1
BRF:2
BRH:2
end_of_record
TN:
SF:src\index.js
FN:37,(anonymous_0)
FNF:1
FNH:0
FNDA:0,(anonymous_0)
DA:1,1
DA:2,1
DA:3,1
DA:4,1
DA:5,1
DA:6,1
DA:7,1
DA:8,1
DA:9,1
DA:10,1
DA:11,1
DA:12,1
DA:13,1
DA:14,1
DA:16,1
DA:17,1
DA:18,1
DA:19,1
DA:22,1
DA:23,1
DA:24,1
DA:25,1
DA:26,1
DA:27,1
DA:28,1
DA:29,1
DA:30,1
DA:33,1
DA:36,1
DA:37,0
DA:38,0
LF:31
LH:29
BRDA:36,0,0,0
BRDA:36,0,1,1
BRF:2
BRH:1
end_of_record
TN:
SF:src\routes\agente.routes.js
FN:10,(anonymous_0)
FN:21,(anonymous_1)
FN:33,(anonymous_2)
FN:77,(anonymous_3)
FN:95,(anonymous_4)
FN:126,(anonymous_5)
FN:139,(anonymous_6)
FN:170,(anonymous_7)
FN:199,(anonymous_8)
FN:218,(anonymous_9)
FN:239,(anonymous_10)
FNF:11
FNH:11
FNDA:2,(anonymous_0)
FNDA:1,(anonymous_1)
FNDA:4,(anonymous_2)
FNDA:3,(anonymous_3)
FNDA:4,(anonymous_4)
FNDA:2,(anonymous_5)
FNDA:4,(anonymous_6)
FNDA:2,(anonymous_7)
FNDA:1,(anonymous_8)
FNDA:2,(anonymous_9)
FNDA:3,(anonymous_10)
DA:1,2
DA:2,2
DA:3,2
DA:5,2
DA:6,2
DA:7,2
DA:8,2
DA:10,2
DA:11,2
DA:12,2
DA:13,2
DA:14,1
DA:16,1
DA:17,1
DA:21,2
DA:22,1
DA:23,1
DA:24,1
DA:25,1
DA:26,1
DA:28,0
DA:29,0
DA:33,2
DA:34,4
DA:36,4
DA:37,4
DA:42,4
DA:43,1
DA:45,3
DA:47,3
DA:64,2
DA:66,2
DA:72,1
DA:73,1
DA:77,2
DA:79,3
DA:80,3
DA:81,3
DA:82,3
DA:84,3
DA:88,2
DA:90,1
DA:91,1
DA:95,2
DA:96,4
DA:97,4
DA:98,4
DA:103,4
DA:104,1
DA:106,3
DA:108,3
DA:109,3
DA:111,1
DA:113,2
DA:121,0
DA:122,0
DA:126,2
DA:127,2
DA:129,2
DA:130,2
DA:131,2
DA:132,2
DA:134,0
DA:135,0
DA:139,2
DA:140,4
DA:141,4
DA:142,4
DA:143,4
DA:144,1
DA:146,3
DA:147,3
DA:153,3
DA:154,1
DA:157,2
DA:162,2
DA:165,0
DA:166,0
DA:170,2
DA:171,2
DA:172,2
DA:173,2
DA:192,1
DA:194,1
DA:195,1
DA:199,2
DA:200,1
DA:201,1
DA:202,1
DA:211,1
DA:213,0
DA:214,0
DA:218,2
DA:219,2
DA:220,2
DA:221,2
DA:222,2
DA:223,2
DA:229,2
DA:230,1
DA:232,1
DA:234,0
DA:235,0
DA:239,2
DA:240,3
DA:241,3
DA:242,3
DA:247,3
DA:248,1
DA:251,2
DA:253,2
DA:254,2
DA:256,1
DA:259,1
DA:266,0
DA:267,0
DA:271,2
LF:117
LH:103
BRDA:42,0,0,1
BRDA:42,0,1,3
BRDA:103,1,0,1
BRDA:103,1,1,3
BRDA:127,2,0,1
BRDA:127,2,1,1
BRDA:143,3,0,1
BRDA:143,3,1,3
BRDA:143,4,0,4
BRDA:143,4,1,4
BRDA:153,5,0,1
BRDA:153,5,1,2
BRDA:229,6,0,1
BRDA:229,6,1,1
BRDA:247,7,0,1
BRDA:247,7,1,2
BRF:16
BRH:16
end_of_record
TN:
SF:src\routes\archivos.routes.js
FN:7,(anonymous_0)
FN:9,(anonymous_1)
FN:16,(anonymous_2)
FN:27,(anonymous_3)
FN:33,(anonymous_4)
FN:40,(anonymous_5)
FN:50,(anonymous_6)
FN:57,(anonymous_7)
FN:59,(anonymous_8)
FNF:9
FNH:9
FNDA:4,(anonymous_0)
FNDA:5,(anonymous_1)
FNDA:4,(anonymous_2)
FNDA:3,(anonymous_3)
FNDA:3,(anonymous_4)
FNDA:25,(anonymous_5)
FNDA:24,(anonymous_6)
FNDA:17,(anonymous_7)
FNDA:10,(anonymous_8)
DA:1,2
DA:2,2
DA:3,2
DA:4,2
DA:5,2
DA:7,2
DA:8,4
DA:10,5
DA:11,5
DA:13,5
DA:14,5
DA:17,4
DA:18,4
DA:19,4
DA:20,4
DA:24,2
DA:25,2
DA:27,2
DA:28,3
DA:29,2
DA:30,1
DA:33,2
DA:34,3
DA:35,2
DA:36,1
DA:40,2
DA:41,25
DA:42,25
DA:43,25
DA:45,25
DA:46,1
DA:47,1
DA:50,24
DA:51,24
DA:52,1
DA:53,1
DA:55,23
DA:56,23
DA:57,17
DA:58,12
DA:59,10
DA:61,23
DA:62,3
DA:63,3
DA:65,20
DA:66,20
DA:70,2
LF:47
LH:47
BRDA:10,0,0,5
BRDA:10,0,1,1
BRDA:13,1,0,1
BRDA:13,1,1,4
BRDA:28,2,0,2
BRDA:28,2,1,1
BRDA:34,3,0,2
BRDA:34,3,1,1
BRDA:41,4,0,25
BRDA:41,4,1,1
BRDA:45,5,0,1
BRDA:45,5,1,24
BRDA:51,6,0,1
BRDA:51,6,1,23
BRDA:56,7,0,11
BRDA:56,7,1,12
BRDA:58,8,0,7
BRDA:58,8,1,5
BRDA:61,9,0,3
BRDA:61,9,1,20
BRF:20
BRH:20
end_of_record
TN:
SF:src\routes\clientes.routes.js
FN:11,(anonymous_0)
FN:22,(anonymous_1)
FN:35,(anonymous_2)
FN:44,(anonymous_3)
FN:100,(anonymous_4)
FN:132,(anonymous_5)
FN:210,(anonymous_6)
FN:252,(anonymous_7)
FN:271,(anonymous_8)
FN:287,(anonymous_9)
FN:321,(anonymous_10)
FN:334,(anonymous_11)
FN:364,(anonymous_12)
FN:383,(anonymous_13)
FN:404,(anonymous_14)
FN:423,(anonymous_15)
FNF:16
FNH:16
FNDA:2,(anonymous_0)
FNDA:2,(anonymous_1)
FNDA:23,(anonymous_2)
FNDA:437,(anonymous_3)
FNDA:4,(anonymous_4)
FNDA:4,(anonymous_5)
FNDA:4,(anonymous_6)
FNDA:2,(anonymous_7)
FNDA:6,(anonymous_8)
FNDA:4,(anonymous_9)
FNDA:4,(anonymous_10)
FNDA:4,(anonymous_11)
FNDA:2,(anonymous_12)
FNDA:3,(anonymous_13)
FNDA:2,(anonymous_14)
FNDA:5,(anonymous_15)
DA:1,2
DA:2,2
DA:3,2
DA:4,2
DA:5,2
DA:6,2
DA:8,2
DA:9,2
DA:11,2
DA:12,2
DA:13,2
DA:14,2
DA:15,1
DA:17,1
DA:18,1
DA:22,2
DA:23,2
DA:24,2
DA:25,2
DA:26,2
DA:27,2
DA:28,1
DA:30,1
DA:31,1
DA:35,2
DA:36,23
DA:37,23
DA:44,437
DA:45,23
DA:46,23
DA:47,21
DA:52,2
DA:53,2
DA:87,1
DA:88,1
DA:92,1
DA:100,2
DA:101,4
DA:102,4
DA:103,4
DA:115,3
DA:116,2
DA:118,2
DA:121,2
DA:124,1
DA:127,1
DA:128,1
DA:132,2
DA:133,4
DA:134,4
DA:135,4
DA:136,1
DA:142,3
DA:188,2
DA:189,1
DA:195,1
DA:201,1
DA:202,1
DA:210,2
DA:211,4
DA:213,4
DA:214,4
DA:215,1
DA:221,3
DA:231,2
DA:232,1
DA:238,1
DA:244,1
DA:245,1
DA:252,2
DA:253,2
DA:254,2
DA:255,2
DA:256,2
DA:265,1
DA:267,1
DA:268,1
DA:271,2
DA:272,6
DA:273,6
DA:274,6
DA:275,6
DA:277,5
DA:278,2
DA:280,3
DA:282,1
DA:283,1
DA:287,2
DA:288,4
DA:290,4
DA:291,4
DA:295,3
DA:296,1
DA:299,2
DA:302,2
DA:303,2
DA:305,1
DA:308,1
DA:316,1
DA:317,1
DA:321,2
DA:322,4
DA:324,4
DA:325,4
DA:326,4
DA:327,3
DA:329,1
DA:330,1
DA:334,2
DA:335,4
DA:336,4
DA:337,4
DA:338,1
DA:340,3
DA:341,3
DA:347,2
DA:348,1
DA:351,1
DA:356,1
DA:359,1
DA:360,1
DA:364,2
DA:366,2
DA:367,2
DA:368,2
DA:369,2
DA:371,2
DA:376,1
DA:378,1
DA:379,1
DA:383,2
DA:384,3
DA:385,3
DA:386,3
DA:387,3
DA:388,3
DA:394,2
DA:395,1
DA:397,1
DA:399,1
DA:400,1
DA:404,2
DA:405,2
DA:406,2
DA:407,2
DA:416,1
DA:418,1
DA:419,1
DA:423,2
DA:424,5
DA:426,5
DA:427,5
DA:429,5
DA:430,5
DA:435,4
DA:436,1
DA:439,3
DA:441,3
DA:442,3
DA:444,1
DA:447,2
DA:454,1
DA:455,1
DA:459,2
LF:164
LH:164
BRDA:46,0,0,21
BRDA:46,0,1,2
BRDA:115,1,0,2
BRDA:115,1,1,1
BRDA:118,2,0,1
BRDA:118,2,1,1
BRDA:135,3,0,1
BRDA:135,3,1,3
BRDA:188,4,0,1
BRDA:188,4,1,1
BRDA:214,5,0,1
BRDA:214,5,1,3
BRDA:231,6,0,1
BRDA:231,6,1,1
BRDA:272,7,0,2
BRDA:272,7,1,4
BRDA:277,8,0,2
BRDA:277,8,1,3
BRDA:295,9,0,1
BRDA:295,9,1,2
BRDA:322,10,0,2
BRDA:322,10,1,2
BRDA:337,11,0,1
BRDA:337,11,1,3
BRDA:337,12,0,4
BRDA:337,12,1,4
BRDA:347,13,0,1
BRDA:347,13,1,1
BRDA:394,14,0,1
BRDA:394,14,1,1
BRDA:435,15,0,1
BRDA:435,15,1,3
BRF:32
BRH:32
end_of_record
TN:
SF:src\routes\direcciones.routes.js
FN:8,(anonymous_0)
FN:17,(anonymous_1)
FN:34,(anonymous_2)
FN:50,(anonymous_3)
FNF:4
FNH:4
FNDA:2,(anonymous_0)
FNDA:15,(anonymous_1)
FNDA:15,(anonymous_2)
FNDA:16,(anonymous_3)
DA:1,2
DA:2,2
DA:4,2
DA:5,2
DA:6,2
DA:8,2
DA:9,2
DA:10,2
DA:11,1
DA:13,1
DA:17,2
DA:18,15
DA:19,15
DA:20,15
DA:21,11
DA:24,4
DA:25,4
DA:26,4
DA:28,3
DA:30,1
DA:34,2
DA:35,15
DA:36,15
DA:37,15
DA:38,11
DA:40,4
DA:41,4
DA:42,4
DA:44,3
DA:46,1
DA:50,2
DA:52,16
DA:53,16
DA:54,16
DA:55,11
DA:57,5
DA:58,5
DA:59,5
DA:61,4
DA:63,1
DA:68,2
LF:41
LH:41
BRDA:19,0,0,2
BRDA:19,0,1,13
BRDA:20,1,0,11
BRDA:20,1,1,4
BRDA:36,2,0,2
BRDA:36,2,1,13
BRDA:37,3,0,11
BRDA:37,3,1,4
BRDA:53,4,0,2
BRDA:53,4,1,14
BRDA:54,5,0,11
BRDA:54,5,1,5
BRF:12
BRH:12
end_of_record
TN:
SF:src\routes\email.routes.js
FN:11,(anonymous_0)
FN:61,(anonymous_1)
FN:105,(anonymous_2)
FNF:3
FNH:3
FNDA:4,(anonymous_0)
FNDA:4,(anonymous_1)
FNDA:4,(anonymous_2)
DA:1,1
DA:2,1
DA:3,1
DA:5,1
DA:6,1
DA:8,1
DA:11,1
DA:12,4
DA:13,4
DA:14,4
DA:29,4
DA:30,1
DA:35,3
DA:45,3
DA:52,3
DA:53,3
DA:54,2
DA:56,1
DA:57,1
DA:61,1
DA:62,4
DA:63,4
DA:64,4
DA:76,4
DA:77,1
DA:80,3
DA:88,3
DA:95,3
DA:96,3
DA:97,2
DA:98,2
DA:100,1
DA:101,1
DA:105,1
DA:106,4
DA:107,4
DA:108,4
DA:130,4
DA:131,1
DA:134,3
DA:142,3
DA:149,3
DA:150,3
DA:151,2
DA:153,1
DA:154,1
DA:158,1
LF:47
LH:47
BRDA:29,0,0,1
BRDA:29,0,1,3
BRDA:29,1,0,4
BRDA:29,1,1,3
BRDA:29,1,2,3
BRDA:76,2,0,1
BRDA:76,2,1,3
BRDA:76,3,0,4
BRDA:76,3,1,3
BRDA:76,3,2,3
BRDA:130,4,0,1
BRDA:130,4,1,3
BRDA:130,5,0,4
BRDA:130,5,1,3
BRDA:130,5,2,3
BRF:15
BRH:15
end_of_record
TN:
SF:src\routes\empleados.routes.js
FN:8,(anonymous_0)
FNF:1
FNH:1
FNDA:4,(anonymous_0)
DA:1,2
DA:2,2
DA:4,2
DA:5,2
DA:6,2
DA:8,2
DA:9,4
DA:10,4
DA:11,4
DA:12,1
DA:14,3
DA:15,3
DA:16,3
DA:17,2
DA:19,1
DA:24,2
LF:16
LH:16
BRDA:11,0,0,1
BRDA:11,0,1,3
BRF:2
BRH:2
end_of_record
TN:
SF:src\routes\seguros.routes.js
FN:9,(anonymous_0)
FN:23,(anonymous_1)
FN:49,(anonymous_2)
FN:93,(anonymous_3)
FN:121,(anonymous_4)
FN:168,(anonymous_5)
FN:176,(anonymous_6)
FN:219,(anonymous_7)
FN:238,(anonymous_8)
FN:281,(anonymous_9)
FN:318,(anonymous_10)
FNF:11
FNH:10
FNDA:2,(anonymous_0)
FNDA:2,(anonymous_1)
FNDA:2,(anonymous_2)
FNDA:2,(anonymous_3)
FNDA:2,(anonymous_4)
FNDA:4,(anonymous_5)
FNDA:2,(anonymous_6)
FNDA:2,(anonymous_7)
FNDA:4,(anonymous_8)
FNDA:4,(anonymous_9)
FNDA:0,(anonymous_10)
DA:1,2
DA:2,2
DA:3,2
DA:5,2
DA:6,2
DA:7,2
DA:9,2
DA:10,2
DA:11,2
DA:12,2
DA:16,2
DA:17,1
DA:19,1
DA:23,2
DA:24,2
DA:26,2
DA:27,2
DA:42,1
DA:44,1
DA:45,1
DA:49,2
DA:50,2
DA:52,2
DA:53,2
DA:83,1
DA:88,1
DA:89,1
DA:93,2
DA:94,2
DA:96,2
DA:97,2
DA:111,1
DA:116,1
DA:117,1
DA:121,2
DA:122,2
DA:123,2
DA:124,2
DA:125,2
DA:126,2
DA:158,1
DA:163,1
DA:164,1
DA:168,2
DA:169,4
DA:171,4
DA:172,2
DA:175,2
DA:176,2
DA:177,2
DA:178,2
DA:191,2
DA:194,2
DA:210,2
DA:211,2
DA:212,1
DA:214,1
DA:215,1
DA:219,2
DA:221,2
DA:222,2
DA:223,2
DA:224,2
DA:226,2
DA:231,1
DA:233,1
DA:234,1
DA:238,2
DA:239,4
DA:241,4
DA:243,4
DA:248,3
DA:249,1
DA:252,2
DA:256,2
DA:257,2
DA:259,1
DA:261,1
DA:262,1
DA:263,1
DA:264,1
DA:266,1
DA:276,1
DA:277,1
DA:281,2
DA:282,4
DA:283,4
DA:284,4
DA:285,4
DA:286,4
DA:289,4
DA:291,4
DA:292,1
DA:294,3
DA:295,3
DA:301,2
DA:302,1
DA:305,1
DA:310,1
DA:313,1
DA:314,1
DA:318,2
DA:319,0
DA:320,0
DA:321,0
DA:322,0
DA:324,0
DA:329,0
DA:330,0
DA:331,0
DA:333,0
DA:338,2
LF:112
LH:103
BRDA:171,0,0,2
BRDA:171,0,1,2
BRDA:171,1,0,4
BRDA:171,1,1,3
BRDA:248,2,0,1
BRDA:248,2,1,2
BRDA:291,3,0,1
BRDA:291,3,1,3
BRDA:291,4,0,4
BRDA:291,4,1,4
BRDA:301,5,0,1
BRDA:301,5,1,1
BRDA:320,6,0,0
BRDA:320,6,1,0
BRDA:321,7,0,0
BRDA:321,7,1,0
BRF:16
BRH:12
end_of_record
TN:
SF:src\routes\tiposeguro.route.js
FN:8,(anonymous_0)
FN:20,(anonymous_1)
FN:53,(anonymous_2)
FN:61,(anonymous_3)
FN:81,(anonymous_4)
FN:90,(anonymous_5)
FN:106,(anonymous_6)
FN:126,(anonymous_7)
FN:141,(anonymous_8)
FN:170,(anonymous_9)
FN:190,(anonymous_10)
FNF:11
FNH:11
FNDA:1,(anonymous_0)
FNDA:2,(anonymous_1)
FNDA:2,(anonymous_2)
FNDA:3,(anonymous_3)
FNDA:1,(anonymous_4)
FNDA:2,(anonymous_5)
FNDA:2,(anonymous_6)
FNDA:1,(anonymous_7)
FNDA:3,(anonymous_8)
FNDA:1,(anonymous_9)
FNDA:1,(anonymous_10)
DA:1,2
DA:2,2
DA:4,2
DA:5,2
DA:6,2
DA:8,2
DA:9,1
DA:10,1
DA:11,1
DA:12,1
DA:13,1
DA:14,1
DA:16,0
DA:20,2
DA:21,2
DA:23,2
DA:24,2
DA:28,2
DA:29,1
DA:31,1
DA:46,1
DA:48,0
DA:49,0
DA:53,2
DA:54,2
DA:56,2
DA:57,1
DA:60,1
DA:61,1
DA:62,3
DA:63,3
DA:64,3
DA:67,1
DA:68,1
DA:72,1
DA:74,1
DA:76,0
DA:77,0
DA:81,2
DA:82,1
DA:83,1
DA:84,1
DA:86,0
DA:90,2
DA:91,2
DA:92,2
DA:93,2
DA:94,1
DA:97,1
DA:98,1
DA:99,1
DA:100,1
DA:102,0
DA:106,2
DA:107,2
DA:108,2
DA:109,2
DA:110,1
DA:113,1
DA:118,1
DA:119,1
DA:120,1
DA:122,0
DA:126,2
DA:127,1
DA:128,1
DA:130,1
DA:131,1
DA:135,1
DA:137,0
DA:141,2
DA:142,3
DA:143,3
DA:144,1
DA:146,2
DA:148,2
DA:159,2
DA:160,1
DA:163,1
DA:165,0
DA:166,0
DA:170,2
DA:171,1
DA:172,1
DA:173,1
DA:174,1
DA:183,1
DA:185,0
DA:186,0
DA:190,2
DA:191,1
DA:192,1
DA:193,1
DA:195,1
DA:196,1
DA:198,1
DA:199,1
DA:201,0
DA:206,2
LF:99
LH:85
BRDA:28,0,0,1
BRDA:28,0,1,1
BRDA:56,1,0,1
BRDA:56,1,1,1
BRDA:56,2,0,2
BRDA:56,2,1,2
BRDA:92,3,0,0
BRDA:92,3,1,2
BRDA:93,4,0,1
BRDA:93,4,1,1
BRDA:108,5,0,0
BRDA:108,5,1,2
BRDA:109,6,0,1
BRDA:109,6,1,1
BRDA:128,7,0,0
BRDA:128,7,1,1
BRDA:143,8,0,1
BRDA:143,8,1,2
BRDA:159,9,0,1
BRDA:159,9,1,1
BRF:20
BRH:17
end_of_record
TN:
SF:src\routes\usuarios.routes.js
FN:9,(anonymous_0)
FN:14,(anonymous_1)
FN:63,(anonymous_2)
FN:77,(anonymous_3)
FN:107,(anonymous_4)
FN:137,(anonymous_5)
FN:178,(anonymous_6)
FN:199,(anonymous_7)
FN:223,(anonymous_8)
FNF:9
FNH:9
FNDA:2,(anonymous_0)
FNDA:29,(anonymous_1)
FNDA:19,(anonymous_2)
FNDA:3,(anonymous_3)
FNDA:3,(anonymous_4)
FNDA:11,(anonymous_5)
FNDA:9,(anonymous_6)
FNDA:14,(anonymous_7)
FNDA:9,(anonymous_8)
DA:1,2
DA:2,2
DA:3,2
DA:5,2
DA:6,2
DA:7,2
DA:9,2
DA:10,2
DA:11,1
DA:14,2
DA:15,29
DA:16,29
DA:17,29
DA:18,29
DA:19,29
DA:26,28
DA:27,1
DA:29,27
DA:30,27
DA:31,3
DA:32,24
DA:33,13
DA:37,13
DA:38,13
DA:39,2
DA:40,11
DA:41,2
DA:42,9
DA:43,2
DA:44,7
DA:45,2
DA:48,11
DA:49,10
DA:53,10
DA:54,10
DA:55,2
DA:56,8
DA:57,2
DA:59,6
DA:62,19
DA:63,19
DA:64,19
DA:65,1
DA:66,1
DA:68,18
DA:72,1
DA:73,1
DA:77,2
DA:78,3
DA:79,3
DA:80,3
DA:82,3
DA:83,1
DA:86,2
DA:91,2
DA:93,2
DA:95,1
DA:101,1
DA:102,1
DA:107,2
DA:108,3
DA:109,3
DA:110,3
DA:112,3
DA:113,1
DA:116,2
DA:121,2
DA:123,2
DA:125,1
DA:131,1
DA:132,1
DA:137,2
DA:138,11
DA:140,11
DA:141,6
DA:144,5
DA:145,5
DA:150,4
DA:151,1
DA:154,3
DA:159,3
DA:160,1
DA:163,2
DA:168,2
DA:169,1
DA:171,1
DA:174,1
DA:178,2
DA:179,9
DA:181,9
DA:182,6
DA:185,3
DA:186,3
DA:191,2
DA:192,1
DA:195,1
DA:199,2
DA:200,14
DA:202,14
DA:203,11
DA:206,3
DA:207,3
DA:212,2
DA:213,1
DA:216,1
DA:218,1
DA:219,1
DA:223,2
DA:224,9
DA:225,9
DA:226,5
DA:228,4
DA:229,4
DA:234,3
DA:235,1
DA:238,2
DA:240,1
DA:241,1
DA:246,2
LF:119
LH:119
BRDA:17,0,0,1
BRDA:17,0,1,28
BRDA:18,1,0,1
BRDA:18,1,1,28
BRDA:26,2,0,1
BRDA:26,2,1,27
BRDA:30,3,0,3
BRDA:30,3,1,24
BRDA:32,4,0,13
BRDA:32,4,1,11
BRDA:38,5,0,2
BRDA:38,5,1,11
BRDA:40,6,0,2
BRDA:40,6,1,9
BRDA:42,7,0,2
BRDA:42,7,1,7
BRDA:44,8,0,2
BRDA:44,8,1,5
BRDA:48,9,0,10
BRDA:48,9,1,1
BRDA:54,10,0,2
BRDA:54,10,1,8
BRDA:56,11,0,2
BRDA:56,11,1,6
BRDA:64,12,0,1
BRDA:64,12,1,18
BRDA:82,13,0,1
BRDA:82,13,1,2
BRDA:82,14,0,3
BRDA:82,14,1,3
BRDA:82,14,2,2
BRDA:112,15,0,1
BRDA:112,15,1,2
BRDA:112,16,0,3
BRDA:112,16,1,3
BRDA:112,16,2,2
BRDA:140,17,0,6
BRDA:140,17,1,5
BRDA:150,18,0,1
BRDA:150,18,1,3
BRDA:159,19,0,1
BRDA:159,19,1,2
BRDA:168,20,0,1
BRDA:168,20,1,1
BRDA:181,21,0,6
BRDA:181,21,1,3
BRDA:191,22,0,1
BRDA:191,22,1,1
BRDA:202,23,0,11
BRDA:202,23,1,3
BRDA:202,24,0,14
BRDA:202,24,1,9
BRDA:212,25,0,1
BRDA:212,25,1,1
BRDA:225,26,0,5
BRDA:225,26,1,4
BRDA:225,27,0,9
BRDA:225,27,1,7
BRDA:234,28,0,1
BRDA:234,28,1,2
BRF:60
BRH:60
end_of_record
